INFO 2025-08-20 11:32:12,165 [__main__:1157] 🚀 StockVibePredictor Model Training System v5.0
INFO 2025-08-20 11:32:12,166 [__main__:1158] ================================================================================
INFO 2025-08-20 11:32:12,166 [__main__:1026] 🔍 Validating models for compatibility...
INFO 2025-08-20 11:32:12,170 [__main__:1049]   ✅ META_model_1w.pkl (vunknown, acc: 30.77%)
INFO 2025-08-20 11:32:12,173 [__main__:1049]   ✅ JPM_model_6mo.pkl (vunknown, acc: 52.38%)
INFO 2025-08-20 11:32:12,176 [__main__:1049]   ✅ GOOGL_model_1w.pkl (vunknown, acc: 69.23%)
INFO 2025-08-20 11:32:12,179 [__main__:1049]   ✅ QQQ_model_6mo.pkl (vunknown, acc: 61.90%)
INFO 2025-08-20 11:32:12,181 [__main__:1049]   ✅ JPM_model_1y.pkl (vunknown, acc: 71.88%)
INFO 2025-08-20 11:32:12,184 [__main__:1049]   ✅ V_model_6mo.pkl (vunknown, acc: 47.62%)
INFO 2025-08-20 11:32:12,186 [__main__:1049]   ✅ ARKK_model_1w.pkl (vunknown, acc: 46.15%)
INFO 2025-08-20 11:32:12,189 [__main__:1049]   ✅ SPY_model_1d.pkl (vunknown, acc: 54.84%)
INFO 2025-08-20 11:32:12,195 [__main__:1049]   ✅ universal_model_1d.pkl (vunknown, acc: 52.56%)
INFO 2025-08-20 11:32:12,199 [__main__:1049]   ✅ QQQ_model_1d.pkl (vunknown, acc: 51.61%)
INFO 2025-08-20 11:32:12,202 [__main__:1049]   ✅ GS_model_1d.pkl (vunknown, acc: 64.52%)
INFO 2025-08-20 11:32:12,205 [__main__:1049]   ✅ QQQ_model_1w.pkl (vunknown, acc: 61.54%)
INFO 2025-08-20 11:32:12,208 [__main__:1049]   ✅ GS_model_1w.pkl (vunknown, acc: 53.85%)
INFO 2025-08-20 11:32:12,211 [__main__:1049]   ✅ universal_model_1w.pkl (vunknown, acc: 54.02%)
INFO 2025-08-20 11:32:12,214 [__main__:1049]   ✅ SPY_model_1w.pkl (vunknown, acc: 38.46%)
INFO 2025-08-20 11:32:12,216 [__main__:1049]   ✅ ARKK_model_1d.pkl (vunknown, acc: 67.74%)
INFO 2025-08-20 11:32:12,219 [__main__:1049]   ✅ WMT_model_1mo.pkl (vunknown, acc: 52.00%)
INFO 2025-08-20 11:32:12,222 [__main__:1049]   ✅ MSFT_model_1y.pkl (vunknown, acc: 59.38%)
INFO 2025-08-20 11:32:12,225 [__main__:1049]   ✅ GOOGL_model_1d.pkl (vunknown, acc: 35.48%)
INFO 2025-08-20 11:32:12,227 [__main__:1049]   ✅ SPY_model_1mo.pkl (vunknown, acc: 48.00%)
INFO 2025-08-20 11:32:12,230 [__main__:1049]   ✅ ^BSESN_model_1mo.pkl (vunknown, acc: 16.00%)
INFO 2025-08-20 11:32:12,233 [__main__:1049]   ✅ META_model_1d.pkl (vunknown, acc: 54.84%)
INFO 2025-08-20 11:32:12,236 [__main__:1049]   ✅ ^NSEI_model_1y.pkl (vunknown, acc: 43.75%)
INFO 2025-08-20 11:32:12,239 [__main__:1049]   ✅ universal_model_2y.pkl (vunknown, acc: 57.83%)
INFO 2025-08-20 11:32:12,244 [__main__:1049]   ✅ ARKK_model_1mo.pkl (vunknown, acc: 48.00%)
INFO 2025-08-20 11:32:12,248 [__main__:1049]   ✅ ^BSESN_model_1d.pkl (vunknown, acc: 40.00%)
INFO 2025-08-20 11:32:12,251 [__main__:1049]   ✅ SPY_model_6mo.pkl (vunknown, acc: 47.62%)
INFO 2025-08-20 11:32:12,253 [__main__:1049]   ✅ ^BSESN_model_6mo.pkl (vunknown, acc: 52.38%)
INFO 2025-08-20 11:32:12,256 [__main__:1049]   ✅ V_model_1d.pkl (vunknown, acc: 41.94%)
INFO 2025-08-20 11:32:12,259 [__main__:1049]   ✅ JNJ_model_1d.pkl (vunknown, acc: 48.39%)
INFO 2025-08-20 11:32:12,262 [__main__:1049]   ✅ WFC_model_1y.pkl (vunknown, acc: 56.25%)
INFO 2025-08-20 11:32:12,264 [__main__:1049]   ✅ ARKK_model_6mo.pkl (vunknown, acc: 57.14%)
INFO 2025-08-20 11:32:12,266 [__main__:1049]   ✅ BAC_model_1w.pkl (vunknown, acc: 61.54%)
INFO 2025-08-20 11:32:12,272 [__main__:1049]   ✅ universal_model_5y.pkl (vunknown, acc: 64.64%)
INFO 2025-08-20 11:32:12,275 [__main__:1049]   ✅ WMT_model_1y.pkl (vunknown, acc: 46.88%)
INFO 2025-08-20 11:32:12,278 [__main__:1049]   ✅ WMT_model_6mo.pkl (vunknown, acc: 57.14%)
INFO 2025-08-20 11:32:12,280 [__main__:1049]   ✅ AMZN_model_1w.pkl (vunknown, acc: 38.46%)
INFO 2025-08-20 11:32:12,283 [__main__:1049]   ✅ AMZN_model_1d.pkl (vunknown, acc: 51.61%)
INFO 2025-08-20 11:32:12,286 [__main__:1049]   ✅ QQQ_model_1mo.pkl (vunknown, acc: 48.00%)
INFO 2025-08-20 11:32:12,288 [__main__:1049]   ✅ V_model_1mo.pkl (vunknown, acc: 48.00%)
INFO 2025-08-20 11:32:12,291 [__main__:1049]   ✅ BAC_model_1d.pkl (vunknown, acc: 51.61%)
INFO 2025-08-20 11:32:12,293 [__main__:1049]   ✅ V_model_1w.pkl (vunknown, acc: 53.85%)
INFO 2025-08-20 11:32:12,296 [__main__:1049]   ✅ JNJ_model_1w.pkl (vunknown, acc: 53.85%)
INFO 2025-08-20 11:32:12,298 [__main__:1049]   ✅ AAPL_model_1y.pkl (vunknown, acc: 68.75%)
INFO 2025-08-20 11:32:12,301 [__main__:1049]   ✅ JPM_model_1mo.pkl (vunknown, acc: 48.00%)
INFO 2025-08-20 11:32:12,303 [__main__:1049]   ✅ ^BSESN_model_1w.pkl (vunknown, acc: 61.54%)
INFO 2025-08-20 11:32:12,307 [__main__:1049]   ✅ universal_model_5d.pkl (vunknown, acc: 53.04%)
INFO 2025-08-20 11:32:12,310 [__main__:1049]   ✅ WMT_model_1d.pkl (vunknown, acc: 45.16%)
INFO 2025-08-20 11:32:12,313 [__main__:1049]   ✅ GOOGL_model_1mo.pkl (vunknown, acc: 44.00%)
INFO 2025-08-20 11:32:12,316 [__main__:1049]   ✅ ^BSESN_model_1y.pkl (vunknown, acc: 50.00%)
INFO 2025-08-20 11:32:12,319 [__main__:1049]   ✅ AAPL_model_1w.pkl (vunknown, acc: 38.46%)
INFO 2025-08-20 11:32:12,321 [__main__:1049]   ✅ V_model_1y.pkl (vunknown, acc: 62.50%)
INFO 2025-08-20 11:32:12,324 [__main__:1049]   ✅ JNJ_model_1y.pkl (vunknown, acc: 50.00%)
INFO 2025-08-20 11:32:12,326 [__main__:1049]   ✅ WFC_model_1d.pkl (vunknown, acc: 48.39%)
INFO 2025-08-20 11:32:12,329 [__main__:1049]   ✅ WFC_model_1mo.pkl (vunknown, acc: 56.00%)
INFO 2025-08-20 11:32:12,332 [__main__:1049]   ✅ WFC_model_1w.pkl (vunknown, acc: 46.15%)
INFO 2025-08-20 11:32:12,334 [__main__:1049]   ✅ MSFT_model_1mo.pkl (vunknown, acc: 76.00%)
INFO 2025-08-20 11:32:12,337 [__main__:1049]   ✅ AAPL_model_1d.pkl (vunknown, acc: 38.71%)
INFO 2025-08-20 11:32:12,340 [__main__:1049]   ✅ ^NSEI_model_1mo.pkl (vunknown, acc: 44.00%)
INFO 2025-08-20 11:32:12,342 [__main__:1049]   ✅ AMZN_model_1mo.pkl (vunknown, acc: 52.00%)
INFO 2025-08-20 11:32:12,345 [__main__:1049]   ✅ AMZN_model_1y.pkl (vunknown, acc: 56.25%)
INFO 2025-08-20 11:32:12,349 [__main__:1049]   ✅ universal_model_6mo.pkl (vunknown, acc: 61.64%)
INFO 2025-08-20 11:32:12,352 [__main__:1049]   ✅ GS_model_6mo.pkl (vunknown, acc: 61.90%)
INFO 2025-08-20 11:32:12,354 [__main__:1049]   ✅ AAPL_model_1mo.pkl (vunknown, acc: 60.00%)
INFO 2025-08-20 11:32:12,358 [__main__:1049]   ✅ BAC_model_1mo.pkl (vunknown, acc: 36.00%)
INFO 2025-08-20 11:32:12,360 [__main__:1049]   ✅ JNJ_model_6mo.pkl (vunknown, acc: 57.14%)
INFO 2025-08-20 11:32:12,363 [__main__:1049]   ✅ WMT_model_1w.pkl (vunknown, acc: 46.15%)
INFO 2025-08-20 11:32:12,365 [__main__:1049]   ✅ BAC_model_1y.pkl (vunknown, acc: 53.12%)
INFO 2025-08-20 11:32:12,368 [__main__:1049]   ✅ META_model_6mo.pkl (vunknown, acc: 71.43%)
INFO 2025-08-20 11:32:12,370 [__main__:1049]   ✅ MSFT_model_1w.pkl (vunknown, acc: 53.85%)
INFO 2025-08-20 11:32:12,374 [__main__:1049]   ✅ universal_model_1mo.pkl (vunknown, acc: 52.87%)
INFO 2025-08-20 11:32:12,377 [__main__:1049]   ✅ JPM_model_1d.pkl (vunknown, acc: 41.94%)
INFO 2025-08-20 11:32:12,379 [__main__:1049]   ✅ GS_model_1mo.pkl (vunknown, acc: 48.00%)
INFO 2025-08-20 11:32:12,382 [__main__:1049]   ✅ SPY_model_1y.pkl (vunknown, acc: 56.25%)
INFO 2025-08-20 11:32:12,386 [__main__:1049]   ✅ universal_model_1y.pkl (vunknown, acc: 53.64%)
INFO 2025-08-20 11:32:12,389 [__main__:1049]   ✅ AAPL_model_6mo.pkl (vunknown, acc: 66.67%)
INFO 2025-08-20 11:32:12,392 [__main__:1049]   ✅ JNJ_model_1mo.pkl (vunknown, acc: 56.00%)
INFO 2025-08-20 11:32:12,395 [__main__:1049]   ✅ BAC_model_6mo.pkl (vunknown, acc: 61.90%)
INFO 2025-08-20 11:32:12,398 [__main__:1049]   ✅ GS_model_1y.pkl (vunknown, acc: 68.75%)
INFO 2025-08-20 11:32:12,400 [__main__:1049]   ✅ QQQ_model_1y.pkl (vunknown, acc: 40.62%)
INFO 2025-08-20 11:32:12,403 [__main__:1049]   ✅ META_model_1mo.pkl (vunknown, acc: 56.00%)
INFO 2025-08-20 11:32:12,405 [__main__:1049]   ✅ WFC_model_6mo.pkl (vunknown, acc: 57.14%)
INFO 2025-08-20 11:32:12,408 [__main__:1049]   ✅ ^NSEI_model_1w.pkl (vunknown, acc: 46.15%)
INFO 2025-08-20 11:32:12,413 [__main__:1049]   ✅ universal_model_3mo.pkl (vunknown, acc: 51.79%)
INFO 2025-08-20 11:32:12,415 [__main__:1049]   ✅ MSFT_model_6mo.pkl (vunknown, acc: 71.43%)
INFO 2025-08-20 11:32:12,418 [__main__:1049]   ✅ ^NSEI_model_6mo.pkl (vunknown, acc: 71.43%)
INFO 2025-08-20 11:32:12,420 [__main__:1049]   ✅ AMZN_model_6mo.pkl (vunknown, acc: 66.67%)
INFO 2025-08-20 11:32:12,423 [__main__:1049]   ✅ GOOGL_model_1y.pkl (vunknown, acc: 59.38%)
INFO 2025-08-20 11:32:12,426 [__main__:1049]   ✅ META_model_1y.pkl (vunknown, acc: 62.50%)
INFO 2025-08-20 11:32:12,429 [__main__:1049]   ✅ ^NSEI_model_1d.pkl (vunknown, acc: 56.67%)
INFO 2025-08-20 11:32:12,431 [__main__:1049]   ✅ ARKK_model_1y.pkl (vunknown, acc: 56.25%)
INFO 2025-08-20 11:32:12,434 [__main__:1049]   ✅ GOOGL_model_6mo.pkl (vunknown, acc: 66.67%)
INFO 2025-08-20 11:32:12,436 [__main__:1049]   ✅ JPM_model_1w.pkl (vunknown, acc: 53.85%)
INFO 2025-08-20 11:32:12,439 [__main__:1049]   ✅ MSFT_model_1d.pkl (vunknown, acc: 58.06%)
INFO 2025-08-20 11:32:12,439 [__main__:1056] 
🎯 Validation complete: 94 compatible, 0 incompatible
INFO 2025-08-20 11:32:12,439 [__main__:1353] 
✅ Execution completed successfully
