INFO 2025-08-08 13:03:43,627 Fetching data for AAPL
INFO 2025-08-08 13:03:46,091 Cross-validation scores: [0.5257732  0.39175258 0.4375     0.46875    0.5625    ]
INFO 2025-08-08 13:03:46,091 Mean CV accuracy: 47.73%
INFO 2025-08-08 13:03:46,095 Test accuracy: 55.67%
INFO 2025-08-08 13:03:46,099 Model saved as stock_model.pkl
INFO 2025-08-08 07:36:29,646 views Stock prediction model loaded successfully
INFO 2025-08-08 07:36:44,128 views Redis connection successful
INFO 2025-08-08 07:36:53,207 views Fetching stock data for AAPL
INFO 2025-08-08 07:36:55,274 views Cached stock data for AAPL, good to go
INFO 2025-08-08 07:37:44,469 views Fetching stock data for TSLA
INFO 2025-08-08 07:37:44,973 views Cached stock data for TSLA, good to go
INFO 2025-08-08 13:10:47,116 Fetching data for AAPL
INFO 2025-08-08 13:10:49,148 Cross-validation scores: [0.5257732  0.39175258 0.4375     0.46875    0.55208333]
INFO 2025-08-08 13:10:49,148 Mean CV accuracy: 47.52%
INFO 2025-08-08 13:10:49,153 Test accuracy: 55.67%
INFO 2025-08-08 13:10:49,156 Model saved as stock_model.pkl
ERROR 2025-08-08 07:41:46,562 views Failed to load stock prediction model: [Errno 2] No such file or directory: '/Users/dibakar/Documents/Code/Git & Github/Repo/StockVibePredictor/Backend/stock_model.pkl'
ERROR 2025-08-08 07:41:46,562 views Failed to load stock prediction model: [Errno 2] No such file or directory: '/Users/dibakar/Documents/Code/Git & Github/Repo/StockVibePredictor/Backend/stock_model.pkl'
ERROR 2025-08-08 07:42:41,781 views Failed to load stock prediction model: [Errno 2] No such file or directory: '/Users/dibakar/Documents/Code/Git & Github/Repo/StockVibePredictor/Backend/Scripts.stock_model.pkl'
ERROR 2025-08-08 07:42:41,781 views Failed to load stock prediction model: [Errno 2] No such file or directory: '/Users/dibakar/Documents/Code/Git & Github/Repo/StockVibePredictor/Backend/Scripts.stock_model.pkl'
INFO 2025-08-08 07:44:48,644 views Stock prediction model loaded successfully
INFO 2025-08-08 07:44:54,028 views Got cached data for TSLA, sweet!
INFO 2025-08-08 07:45:05,897 views Got cached data for TSLA, sweet!
INFO 2025-08-08 08:02:56,346 views Stock prediction model loaded successfully
INFO 2025-08-08 08:14:56,124 views Stock prediction model loaded successfully
INFO 2025-08-08 08:15:16,359 views Fetching stock data for TSLA
INFO 2025-08-08 08:15:17,958 views Cached stock data for TSLA, good to go
INFO 2025-08-08 08:21:31,845 views Stock prediction model loaded successfully
INFO 2025-08-08 08:21:52,790 views Stock prediction model loaded successfully
INFO 2025-08-08 08:21:56,236 views Stock prediction model loaded successfully
INFO 2025-08-08 08:26:07,534 views Stock prediction model loaded successfully
INFO 2025-08-08 08:26:21,210 views Stock prediction model loaded successfully
INFO 2025-08-08 08:26:30,698 views Stock prediction model loaded successfully
INFO 2025-08-08 08:26:39,860 views Got cached data for TSLA, sweet!
ERROR 2025-08-08 08:26:39,883 views Error computing indicators for TSLA: 'Close'
INFO 2025-08-08 08:28:18,925 views Stock prediction model loaded successfully
INFO 2025-08-08 08:28:22,016 views Got cached data for TSLA, sweet!
ERROR 2025-08-08 08:28:22,027 views Not enough data for TSLA: 23 rows
INFO 2025-08-08 08:31:39,523 views Stock prediction model loaded successfully
INFO 2025-08-08 08:32:38,791 views Stock prediction model loaded successfully
INFO 2025-08-08 08:32:40,569 views Fetching stock data for TSLA
INFO 2025-08-08 08:32:41,883 views Fetched 250 rows for TSLA
INFO 2025-08-08 08:32:41,889 views Cached stock data for TSLA, good to go
INFO 2025-08-08 08:32:41,889 views Data rows for TSLA: 250
ERROR 2025-08-08 08:32:41,896 views Prediction failed for TSLA: X has 6 features, but RandomForestClassifier is expecting 13 features as input.
INFO 2025-08-08 08:34:20,019 views Stock prediction model loaded successfully
INFO 2025-08-08 08:34:20,019 views Model type: <class 'sklearn.ensemble._forest.RandomForestClassifier'>
INFO 2025-08-08 08:34:23,131 views Fetching stock data for TSLA
INFO 2025-08-08 08:34:24,012 views Fetched 250 rows for TSLA
INFO 2025-08-08 08:34:24,019 views Cached stock data for TSLA, good to go
INFO 2025-08-08 08:34:24,020 views Data rows for TSLA: 250
ERROR 2025-08-08 08:34:24,027 views Prediction failed for TSLA: X has 6 features, but RandomForestClassifier is expecting 13 features as input.
ERROR 2025-08-08 08:34:24,027 views Feature values: [{'Close': 322.2699890136719, 'RSI': 46.174578477234576, 'MACD': -0.8269357107103019, 'MACD_Signal': -0.8620821210661505, 'MA50': 320.6431982421875, 'MA200': 323.4864498138428}]
INFO 2025-08-08 08:42:33,658 views Stock prediction model loaded successfully
INFO 2025-08-08 08:42:33,658 views Model type: <class 'sklearn.ensemble._forest.RandomForestClassifier'>
INFO 2025-08-08 08:42:38,405 views Stock prediction model loaded successfully
INFO 2025-08-08 08:42:38,405 views Model type: <class 'sklearn.ensemble._forest.RandomForestClassifier'>
INFO 2025-08-08 08:42:41,864 views Fetching stock data for TSLA
INFO 2025-08-08 08:42:43,147 views Fetched 250 rows for TSLA
INFO 2025-08-08 08:42:43,154 views Cached stock data for TSLA, good to go
INFO 2025-08-08 08:42:43,154 views Data rows for TSLA: 250
INFO 2025-08-08 08:42:43,178 views Prediction for TSLA: UP, Confidence: 0.5344166666666667
INFO 2025-08-09 00:29:44,233 Fetching data for AAPL
INFO 2025-08-09 00:29:46,099 Cross-validation scores: [0.54639175 0.40206186 0.48453608 0.45833333 0.53125   ]
INFO 2025-08-09 00:29:46,099 Mean CV accuracy: 48.45%
INFO 2025-08-09 00:29:46,104 Test accuracy: 54.64%
INFO 2025-08-09 00:29:46,108 Model saved as stock_model.pkl
INFO 2025-08-08 19:01:40,031 views Stock prediction model loaded successfully
INFO 2025-08-08 19:01:40,032 views Model type: <class 'sklearn.ensemble._forest.RandomForestClassifier'>
INFO 2025-08-08 19:05:42,150 views Stock prediction model loaded successfully
INFO 2025-08-08 19:05:42,151 views Model type: <class 'sklearn.ensemble._forest.RandomForestClassifier'>
INFO 2025-08-08 19:06:34,333 views Stock prediction model loaded successfully
INFO 2025-08-08 19:06:34,333 views Model type: <class 'sklearn.ensemble._forest.RandomForestClassifier'>
INFO 2025-08-08 19:06:38,428 views Fetching stock data for TSLA
INFO 2025-08-08 19:06:39,413 views Fetched 251 rows for TSLA
INFO 2025-08-08 19:06:39,420 views Cached stock data for TSLA, good to go
INFO 2025-08-08 19:06:39,420 views Data rows for TSLA: 251
INFO 2025-08-08 19:06:39,444 views Prediction for TSLA: UP, Confidence: 0.5326613756613756
INFO 2025-08-08 19:07:14,600 views Fetching stock data for AAPL
INFO 2025-08-08 19:07:14,996 views Fetched 251 rows for AAPL
INFO 2025-08-08 19:07:14,999 views Cached stock data for AAPL, good to go
INFO 2025-08-08 19:07:14,999 views Data rows for AAPL: 251
INFO 2025-08-08 19:07:15,016 views Prediction for AAPL: UP, Confidence: 0.5196967496979958
INFO 2025-08-08 19:07:27,893 views Fetching stock data for GOOGL
INFO 2025-08-08 19:07:28,353 views Fetched 251 rows for GOOGL
INFO 2025-08-08 19:07:28,362 views Cached stock data for GOOGL, good to go
INFO 2025-08-08 19:07:28,363 views Data rows for GOOGL: 251
INFO 2025-08-08 19:07:28,389 views Prediction for GOOGL: UP, Confidence: 0.5437267316017314
INFO 2025-08-08 19:07:36,873 views Fetching stock data for AAPL
INFO 2025-08-08 19:07:37,286 views Fetched 251 rows for AAPL
INFO 2025-08-08 19:07:37,292 views Cached stock data for AAPL, good to go
INFO 2025-08-08 19:07:37,292 views Data rows for AAPL: 251
INFO 2025-08-08 19:07:37,318 views Prediction for AAPL: UP, Confidence: 0.5196967496979958
INFO 2025-08-08 19:07:48,638 views Fetching stock data for AAPL
INFO 2025-08-08 19:07:49,032 views Fetched 251 rows for AAPL
INFO 2025-08-08 19:07:49,039 views Cached stock data for AAPL, good to go
INFO 2025-08-08 19:07:49,040 views Data rows for AAPL: 251
INFO 2025-08-08 19:07:49,066 views Prediction for AAPL: UP, Confidence: 0.5196967496979958
INFO 2025-08-08 19:08:25,878 views Fetching stock data for META
INFO 2025-08-08 19:08:26,361 views Fetched 251 rows for META
INFO 2025-08-08 19:08:26,369 views Cached stock data for META, good to go
INFO 2025-08-08 19:08:26,369 views Data rows for META: 251
INFO 2025-08-08 19:08:26,396 views Prediction for META: UP, Confidence: 0.5180898268398269
INFO 2025-08-08 19:08:27,890 views Fetching stock data for NFLX
INFO 2025-08-08 19:08:28,344 views Fetched 251 rows for NFLX
INFO 2025-08-08 19:08:28,353 views Cached stock data for NFLX, good to go
INFO 2025-08-08 19:08:28,353 views Data rows for NFLX: 251
INFO 2025-08-08 19:08:28,383 views Prediction for NFLX: UP, Confidence: 0.5180898268398269
INFO 2025-08-08 19:08:33,656 views Fetching stock data for AMZN
INFO 2025-08-08 19:08:34,080 views Fetched 251 rows for AMZN
INFO 2025-08-08 19:08:34,089 views Cached stock data for AMZN, good to go
INFO 2025-08-08 19:08:34,090 views Data rows for AMZN: 251
INFO 2025-08-08 19:08:34,120 views Prediction for AMZN: UP, Confidence: 0.5000660173160172
INFO 2025-08-08 19:09:30,156 views Fetching stock data for AAPL
INFO 2025-08-08 19:09:30,576 views Fetched 251 rows for AAPL
INFO 2025-08-08 19:09:30,586 views Cached stock data for AAPL, good to go
INFO 2025-08-08 19:09:30,586 views Data rows for AAPL: 251
INFO 2025-08-08 19:09:30,614 views Prediction for AAPL: UP, Confidence: 0.5196967496979958
INFO 2025-08-09 10:48:32,725 Fetching data for AAPL
INFO 2025-08-09 10:48:34,675 Cross-validation scores: [0.50515464 0.37113402 0.47916667 0.5        0.51041667]
INFO 2025-08-09 10:48:34,676 Mean CV accuracy: 47.32%
INFO 2025-08-09 10:48:34,680 Test accuracy: 50.52%
INFO 2025-08-09 10:48:34,686 Model saved as stock_model.pkl
INFO 2025-08-09 05:19:08,903 views Stock prediction model loaded successfully
INFO 2025-08-09 05:19:08,903 views Model type: <class 'sklearn.ensemble._forest.RandomForestClassifier'>
INFO 2025-08-09 05:19:37,477 views Stock prediction model loaded successfully
INFO 2025-08-09 05:19:37,477 views Model type: <class 'sklearn.ensemble._forest.RandomForestClassifier'>
INFO 2025-08-09 05:20:42,629 views Fetching stock data for AAPL
INFO 2025-08-09 05:20:43,873 views Fetched 250 rows for AAPL
INFO 2025-08-09 05:20:43,879 views Cached stock data for AAPL, good to go
INFO 2025-08-09 05:20:43,879 views Data rows for AAPL: 250
INFO 2025-08-09 05:20:43,898 views Prediction for AAPL: UP, Confidence: 0.6133690476190476
INFO 2025-08-09 05:22:22,023 views Fetching stock data for GOOGL
INFO 2025-08-09 05:22:22,482 views Fetched 250 rows for GOOGL
INFO 2025-08-09 05:22:22,486 views Cached stock data for GOOGL, good to go
INFO 2025-08-09 05:22:22,486 views Data rows for GOOGL: 250
INFO 2025-08-09 05:22:22,509 views Prediction for GOOGL: UP, Confidence: 0.5421609631665579
INFO 2025-08-09 18:03:07,213 views Stock prediction model loaded successfully
INFO 2025-08-09 18:03:07,213 views Model type: <class 'sklearn.ensemble._forest.RandomForestClassifier'>
INFO 2025-08-11 09:43:36,785 views Loaded universal model for 1w
INFO 2025-08-11 09:44:11,320 views Loaded universal model for 1w
INFO 2025-08-11 09:44:14,467 views Redis connection test passed
INFO 2025-08-11 09:45:08,473 views Loaded universal model for 1w
INFO 2025-08-11 09:47:12,514 views Fetching 1d data for AAPL
ERROR 2025-08-11 09:47:14,520 views Error fetching data for AAPL (1d): sync_to_async can only be applied to sync functions.
INFO 2025-08-11 09:47:14,527 views Fetching 1w data for AAPL
ERROR 2025-08-11 09:47:16,884 views Error fetching data for AAPL (1w): sync_to_async can only be applied to sync functions.
INFO 2025-08-11 09:47:16,885 views Fetching 1mo data for AAPL
ERROR 2025-08-11 09:47:18,255 views Error fetching data for AAPL (1mo): sync_to_async can only be applied to sync functions.
INFO 2025-08-11 09:47:21,835 views Fetching 1d data for GOOGL
ERROR 2025-08-11 09:47:23,449 views Error fetching data for GOOGL (1d): sync_to_async can only be applied to sync functions.
INFO 2025-08-11 09:47:23,451 views Fetching 1w data for GOOGL
ERROR 2025-08-11 09:47:25,236 views Error fetching data for GOOGL (1w): sync_to_async can only be applied to sync functions.
INFO 2025-08-11 09:47:25,237 views Fetching 1mo data for GOOGL
ERROR 2025-08-11 09:47:26,835 views Error fetching data for GOOGL (1mo): sync_to_async can only be applied to sync functions.
INFO 2025-08-11 09:47:32,244 views Fetching 1d data for AMZN
ERROR 2025-08-11 09:47:33,889 views Error fetching data for AMZN (1d): sync_to_async can only be applied to sync functions.
INFO 2025-08-11 09:47:33,890 views Fetching 1w data for AMZN
ERROR 2025-08-11 09:47:36,166 views Error fetching data for AMZN (1w): sync_to_async can only be applied to sync functions.
INFO 2025-08-11 09:47:36,167 views Fetching 1mo data for AMZN
ERROR 2025-08-11 09:47:37,982 views Error fetching data for AMZN (1mo): sync_to_async can only be applied to sync functions.
INFO 2025-08-11 09:47:41,245 views Fetching 1d data for AAPL
ERROR 2025-08-11 09:47:42,815 views Error fetching data for AAPL (1d): sync_to_async can only be applied to sync functions.
INFO 2025-08-11 09:48:36,040 views Fetching 1d data for GOOGL
ERROR 2025-08-11 09:48:37,588 views Error fetching data for GOOGL (1d): sync_to_async can only be applied to sync functions.
INFO 2025-08-11 09:52:31,076 views Loaded universal model for 1w
INFO 2025-08-11 09:52:59,672 views Fetching 1d data for GOOGL
ERROR 2025-08-11 09:53:01,500 views Error fetching data for GOOGL (1d): sync_to_async can only be applied to sync functions.
INFO 2025-08-11 09:57:14,045 views Fetching 1d data for AAPL
ERROR 2025-08-11 09:57:15,708 views Error fetching data for AAPL (1d): sync_to_async can only be applied to sync functions.
INFO 2025-08-11 09:57:20,759 views Fetching 1d data for GOOGL
ERROR 2025-08-11 09:57:22,477 views Error fetching data for GOOGL (1d): sync_to_async can only be applied to sync functions.
INFO 2025-08-11 10:01:59,299 views Loaded universal model for 1w
INFO 2025-08-11 10:02:34,514 views Loaded universal model for 1w
INFO 2025-08-11 10:08:47,365 views Loaded universal model for 1w
INFO 2025-08-11 10:11:04,499 views Loaded universal model for 1w
INFO 2025-08-11 10:11:36,242 views Loaded universal model for 1w
INFO 2025-08-11 10:11:40,612 views Loaded universal model for 1w
INFO 2025-08-11 10:12:30,203 views Loaded universal model for 1w
INFO 2025-08-11 10:12:45,638 views Loaded universal model for 1w
INFO 2025-08-11 10:12:49,715 views Loaded universal model for 1w
INFO 2025-08-11 10:13:03,944 views Loaded universal model for 1w
INFO 2025-08-11 10:13:06,794 views Fetching 1d data for TSLA
ERROR 2025-08-11 10:13:08,879 views Error fetching data for TSLA (1d): sync_to_async can only be applied to sync functions.
INFO 2025-08-11 10:14:35,292 views Loaded universal model for 1w
INFO 2025-08-11 10:14:38,082 views Fetching 1d data for TSLA
ERROR 2025-08-11 10:14:39,588 views Error fetching data for TSLA (1d): sync_to_async can only be applied to sync functions.
INFO 2025-08-11 10:16:39,295 views Loaded universal model for 1w
INFO 2025-08-11 10:16:41,674 views Fetching 1d data for TSLA
ERROR 2025-08-11 10:16:43,270 views Error fetching data for TSLA (1d): sync_to_async can only be applied to sync functions.
INFO 2025-08-11 10:18:37,443 views Loaded universal model for 1w
INFO 2025-08-11 10:18:40,853 views Fetching 1d data for TSLA
ERROR 2025-08-11 10:18:43,478 views Error fetching data for TSLA (1d): sync_to_async can only be applied to sync functions.
INFO 2025-08-11 10:28:36,711 views Loaded universal model for 1w
INFO 2025-08-11 10:28:40,418 views Redis connection test passed
INFO 2025-08-11 10:28:44,591 views Fetching 1d data for TSLA
ERROR 2025-08-11 10:28:46,182 views Error fetching data for TSLA (1d): sync_to_async can only be applied to sync functions.
INFO 2025-08-11 10:28:54,214 views Fetching 1d data for GOOGL
ERROR 2025-08-11 10:28:56,653 views Error fetching data for GOOGL (1d): sync_to_async can only be applied to sync functions.
INFO 2025-08-11 10:29:14,797 views Fetching 1d data for AAPL
ERROR 2025-08-11 10:29:16,982 views Error fetching data for AAPL (1d): sync_to_async can only be applied to sync functions.
INFO 2025-08-11 10:34:30,041 views Loaded universal model for 1w
INFO 2025-08-11 10:34:32,538 views Fetching 1d data for AAPL
ERROR 2025-08-11 10:34:34,175 views Error fetching data for AAPL (1d): sync_to_async can only be applied to sync functions.
INFO 2025-08-11 10:48:15,654 views Loaded universal model for 1w
INFO 2025-08-11 10:48:20,838 views Redis connection test passed
INFO 2025-08-11 10:48:24,178 views Fetching 1d data for AAPL
ERROR 2025-08-11 10:48:26,059 views Error fetching data for AAPL (1d): sync_to_async can only be applied to sync functions.
INFO 2025-08-11 10:51:57,343 views Loaded universal model for 1w
INFO 2025-08-11 10:57:18,792 views Loaded universal model for 1w
INFO 2025-08-11 10:57:25,562 views Loaded universal model for 1w
INFO 2025-08-11 10:57:31,881 views Loaded universal model for 1w
INFO 2025-08-11 10:57:53,741 views Redis connection test passed
INFO 2025-08-11 10:58:20,421 views Loaded universal model for 1w
INFO 2025-08-11 10:59:17,461 views Loaded universal model for 1w
INFO 2025-08-11 10:59:22,718 views Redis connection test passed
INFO 2025-08-11 11:01:51,779 views Loaded universal model for 1w
INFO 2025-08-11 11:01:56,017 views Redis connection test passed
INFO 2025-08-11 11:13:45,314 views Loaded universal model for 1w
INFO 2025-08-11 11:13:52,374 views Redis connection test passed
INFO 2025-08-11 11:19:56,274 views Loaded universal model for 1w
INFO 2025-08-11 11:20:02,085 views Redis connection test passed
INFO 2025-08-11 11:20:05,283 views Fetching 1d data for AAPL
ERROR 2025-08-11 11:20:07,324 views Error fetching data for AAPL (1d): sync_to_async can only be applied to sync functions.
INFO 2025-08-11 11:25:45,800 views Loaded universal model for 1w
INFO 2025-08-11 11:26:21,059 views Loaded universal model for 1w
INFO 2025-08-11 11:27:36,174 views Loaded universal model for 1w
INFO 2025-08-11 11:27:48,784 views Loaded universal model for 1w
INFO 2025-08-11 11:28:33,086 views Loaded universal model for 1w
INFO 2025-08-11 11:29:51,481 views Loaded universal model for 1w
INFO 2025-08-11 11:29:56,650 views Redis connection test passed
INFO 2025-08-11 11:29:59,507 views Fetching 1d data for AAPL
INFO 2025-08-11 11:29:59,507 views Sync fetch for AAPL with timeframe 1d
INFO 2025-08-11 11:30:01,319 views Successfully fetched 62 rows for AAPL
INFO 2025-08-11 11:30:01,978 views Computed comprehensive features for 1d timeframe
WARNING 2025-08-11 11:30:01,978 views No model available for AAPL 1d
INFO 2025-08-11 11:36:19,505 views Loaded universal model for 1w
INFO 2025-08-11 11:41:21,334 views Loaded universal model for 1w
INFO 2025-08-11 11:41:50,287 views Loaded universal model for 1w
INFO 2025-08-11 11:42:19,060 views Loaded universal model for 1w
INFO 2025-08-11 11:42:23,971 views Redis connection test passed
INFO 2025-08-11 11:42:47,889 views Loaded universal model for 1w
INFO 2025-08-11 11:43:15,483 views Loaded universal model for 1w
INFO 2025-08-11 11:46:52,644 views Loaded universal model for 1w
INFO 2025-08-11 11:46:56,503 views Redis connection test passed
INFO 2025-08-11 11:47:04,455 views Fetching 1d data for AAPL
INFO 2025-08-11 11:47:04,455 views Sync fetch for AAPL with timeframe 1d
INFO 2025-08-11 11:47:06,563 views Successfully fetched 62 rows for AAPL
INFO 2025-08-11 11:47:07,219 views Computed comprehensive features for 1d timeframe
WARNING 2025-08-11 11:47:07,219 views No model available for AAPL 1d
INFO 2025-08-11 12:09:50,940 views Found 33 model files in /Users/dibakar/Documents/Code/Git & Github/Repo/StockVibePredictor/Backend/Scripts/Models
INFO 2025-08-11 12:09:50,945 views Loaded model for SNOW (1w)
INFO 2025-08-11 12:09:50,949 views Loaded model for SBIN_NS (1w)
INFO 2025-08-11 12:09:50,952 views Loaded model for HOOD (1w)
INFO 2025-08-11 12:09:50,963 views Loaded universal model for 1w
INFO 2025-08-11 12:09:50,968 views Loaded model for UNH (1w)
INFO 2025-08-11 12:09:50,971 views Loaded model for COIN (1w)
INFO 2025-08-11 12:09:50,975 views Loaded model for SQ (1w)
INFO 2025-08-11 12:09:50,982 views Loaded model for SPY (1mo)
INFO 2025-08-11 12:09:50,989 views Loaded model for ARKK (1mo)
INFO 2025-08-11 12:09:50,997 views Loaded model for GOOG (1mo)
INFO 2025-08-11 12:09:51,002 views Loaded model for PLTR (1w)
INFO 2025-08-11 12:09:51,009 views Loaded model for VTI (1mo)
INFO 2025-08-11 12:09:51,017 views Loaded model for QQQ (1mo)
INFO 2025-08-11 12:09:51,026 views Loaded model for ITC_NS (1mo)
INFO 2025-08-11 12:09:51,034 views Loaded model for GOOGL (1mo)
INFO 2025-08-11 12:09:51,040 views Loaded model for RBLX (1w)
INFO 2025-08-11 12:09:51,044 views Loaded model for ZM (1w)
INFO 2025-08-11 12:09:51,050 views Loaded model for PG (1w)
INFO 2025-08-11 12:09:51,057 views Loaded model for MSFT (1mo)
INFO 2025-08-11 12:09:51,063 views Loaded model for PYPL (1w)
INFO 2025-08-11 12:09:51,072 views Loaded model for AMZN (1mo)
INFO 2025-08-11 12:09:51,078 views Loaded model for GME (1w)
INFO 2025-08-11 12:09:51,084 views Loaded model for AMC (1w)
INFO 2025-08-11 12:09:51,088 views Loaded model for DOCU (1w)
INFO 2025-08-11 12:09:51,094 views Loaded model for AMD (1w)
INFO 2025-08-11 12:09:51,100 views Loaded model for ROKU (1w)
INFO 2025-08-11 12:09:51,106 views Loaded model for NVDA (1w)
INFO 2025-08-11 12:09:51,114 views Loaded model for AAPL (1mo)
INFO 2025-08-11 12:09:51,120 views Loaded model for DKNG (1w)
INFO 2025-08-11 12:09:51,129 views Loaded model for IWM (1mo)
INFO 2025-08-11 12:09:51,136 views Loaded model for META (1mo)
INFO 2025-08-11 12:09:51,142 views Loaded model for BHARTIARTL_NS (1w)
INFO 2025-08-11 12:09:51,146 views Loaded model for AXP (1w)
INFO 2025-08-11 12:09:51,146 views Model loading complete: 33 loaded, 0 failed
INFO 2025-08-11 12:09:51,146 views Total models in cache: 33
INFO 2025-08-11 12:09:51,146 views Timeframe 1d: Universal=False, Ticker-specific=0
INFO 2025-08-11 12:09:51,146 views Timeframe 1w: Universal=True, Ticker-specific=20
INFO 2025-08-11 12:09:51,146 views Timeframe 1mo: Universal=False, Ticker-specific=12
INFO 2025-08-11 12:09:51,146 views Timeframe 1y: Universal=False, Ticker-specific=0
INFO 2025-08-11 12:10:39,869 views Found 33 model files in /Users/dibakar/Documents/Code/Git & Github/Repo/StockVibePredictor/Backend/Scripts/Models
INFO 2025-08-11 12:10:39,874 views Loaded model for SNOW (1w)
INFO 2025-08-11 12:10:39,878 views Loaded model for SBIN_NS (1w)
INFO 2025-08-11 12:10:39,881 views Loaded model for HOOD (1w)
INFO 2025-08-11 12:10:39,892 views Loaded universal model for 1w
INFO 2025-08-11 12:10:39,897 views Loaded model for UNH (1w)
INFO 2025-08-11 12:10:39,900 views Loaded model for COIN (1w)
INFO 2025-08-11 12:10:39,905 views Loaded model for SQ (1w)
INFO 2025-08-11 12:10:39,911 views Loaded model for SPY (1mo)
INFO 2025-08-11 12:10:39,916 views Loaded model for ARKK (1mo)
INFO 2025-08-11 12:10:39,922 views Loaded model for GOOG (1mo)
INFO 2025-08-11 12:10:39,925 views Loaded model for PLTR (1w)
INFO 2025-08-11 12:10:39,931 views Loaded model for VTI (1mo)
INFO 2025-08-11 12:10:39,936 views Loaded model for QQQ (1mo)
INFO 2025-08-11 12:10:39,941 views Loaded model for ITC_NS (1mo)
INFO 2025-08-11 12:10:39,949 views Loaded model for GOOGL (1mo)
INFO 2025-08-11 12:10:39,955 views Loaded model for RBLX (1w)
INFO 2025-08-11 12:10:39,960 views Loaded model for ZM (1w)
INFO 2025-08-11 12:10:39,967 views Loaded model for PG (1w)
INFO 2025-08-11 12:10:39,974 views Loaded model for MSFT (1mo)
INFO 2025-08-11 12:10:39,979 views Loaded model for PYPL (1w)
INFO 2025-08-11 12:10:39,989 views Loaded model for AMZN (1mo)
INFO 2025-08-11 12:10:39,996 views Loaded model for GME (1w)
INFO 2025-08-11 12:10:40,001 views Loaded model for AMC (1w)
INFO 2025-08-11 12:10:40,005 views Loaded model for DOCU (1w)
INFO 2025-08-11 12:10:40,011 views Loaded model for AMD (1w)
INFO 2025-08-11 12:10:40,017 views Loaded model for ROKU (1w)
INFO 2025-08-11 12:10:40,023 views Loaded model for NVDA (1w)
INFO 2025-08-11 12:10:40,030 views Loaded model for AAPL (1mo)
INFO 2025-08-11 12:10:40,034 views Loaded model for DKNG (1w)
INFO 2025-08-11 12:10:40,039 views Loaded model for IWM (1mo)
INFO 2025-08-11 12:10:40,045 views Loaded model for META (1mo)
INFO 2025-08-11 12:10:40,049 views Loaded model for BHARTIARTL_NS (1w)
INFO 2025-08-11 12:10:40,053 views Loaded model for AXP (1w)
INFO 2025-08-11 12:10:40,053 views Model loading complete: 33 loaded, 0 failed
INFO 2025-08-11 12:10:40,053 views Total models in cache: 33
INFO 2025-08-11 12:10:40,053 views Timeframe 1d: Universal=False, Ticker-specific=0
INFO 2025-08-11 12:10:40,053 views Timeframe 1w: Universal=True, Ticker-specific=20
INFO 2025-08-11 12:10:40,053 views Timeframe 1mo: Universal=False, Ticker-specific=12
INFO 2025-08-11 12:10:40,053 views Timeframe 1y: Universal=False, Ticker-specific=0
INFO 2025-08-11 12:10:57,894 views Found 33 model files in /Users/dibakar/Documents/Code/Git & Github/Repo/StockVibePredictor/Backend/Scripts/Models
INFO 2025-08-11 12:10:57,902 views Loaded model for SNOW (1w)
INFO 2025-08-11 12:10:57,907 views Loaded model for SBIN_NS (1w)
INFO 2025-08-11 12:10:57,912 views Loaded model for HOOD (1w)
INFO 2025-08-11 12:10:57,926 views Loaded universal model for 1w
INFO 2025-08-11 12:10:57,937 views Loaded model for UNH (1w)
INFO 2025-08-11 12:10:57,942 views Loaded model for COIN (1w)
INFO 2025-08-11 12:10:57,950 views Loaded model for SQ (1w)
INFO 2025-08-11 12:10:57,958 views Loaded model for SPY (1mo)
INFO 2025-08-11 12:10:57,966 views Loaded model for ARKK (1mo)
INFO 2025-08-11 12:10:57,974 views Loaded model for GOOG (1mo)
INFO 2025-08-11 12:10:57,984 views Loaded model for PLTR (1w)
INFO 2025-08-11 12:10:57,993 views Loaded model for VTI (1mo)
INFO 2025-08-11 12:10:58,001 views Loaded model for QQQ (1mo)
INFO 2025-08-11 12:10:58,010 views Loaded model for ITC_NS (1mo)
INFO 2025-08-11 12:10:58,020 views Loaded model for GOOGL (1mo)
INFO 2025-08-11 12:10:58,027 views Loaded model for RBLX (1w)
INFO 2025-08-11 12:10:58,033 views Loaded model for ZM (1w)
INFO 2025-08-11 12:10:58,042 views Loaded model for PG (1w)
INFO 2025-08-11 12:10:58,050 views Loaded model for MSFT (1mo)
INFO 2025-08-11 12:10:58,057 views Loaded model for PYPL (1w)
INFO 2025-08-11 12:10:58,066 views Loaded model for AMZN (1mo)
INFO 2025-08-11 12:10:58,072 views Loaded model for GME (1w)
INFO 2025-08-11 12:10:58,078 views Loaded model for AMC (1w)
INFO 2025-08-11 12:10:58,084 views Loaded model for DOCU (1w)
INFO 2025-08-11 12:10:58,090 views Loaded model for AMD (1w)
INFO 2025-08-11 12:10:58,098 views Loaded model for ROKU (1w)
INFO 2025-08-11 12:10:58,103 views Loaded model for NVDA (1w)
INFO 2025-08-11 12:10:58,113 views Loaded model for AAPL (1mo)
INFO 2025-08-11 12:10:58,119 views Loaded model for DKNG (1w)
INFO 2025-08-11 12:10:58,128 views Loaded model for IWM (1mo)
INFO 2025-08-11 12:10:58,139 views Loaded model for META (1mo)
INFO 2025-08-11 12:10:58,145 views Loaded model for BHARTIARTL_NS (1w)
INFO 2025-08-11 12:10:58,150 views Loaded model for AXP (1w)
INFO 2025-08-11 12:10:58,150 views Model loading complete: 33 loaded, 0 failed
INFO 2025-08-11 12:10:58,150 views Total models in cache: 33
INFO 2025-08-11 12:10:58,150 views Timeframe 1d: Universal=False, Ticker-specific=0
INFO 2025-08-11 12:10:58,150 views Timeframe 1w: Universal=True, Ticker-specific=20
INFO 2025-08-11 12:10:58,150 views Timeframe 1mo: Universal=False, Ticker-specific=12
INFO 2025-08-11 12:10:58,150 views Timeframe 1y: Universal=False, Ticker-specific=0
INFO 2025-08-11 12:11:01,147 views Found 33 model files in /Users/dibakar/Documents/Code/Git & Github/Repo/StockVibePredictor/Backend/Scripts/Models
INFO 2025-08-11 12:11:01,151 views Loaded model for SNOW (1w)
INFO 2025-08-11 12:11:01,154 views Loaded model for SBIN_NS (1w)
INFO 2025-08-11 12:11:01,157 views Loaded model for HOOD (1w)
INFO 2025-08-11 12:11:01,164 views Loaded universal model for 1w
INFO 2025-08-11 12:11:01,168 views Loaded model for UNH (1w)
INFO 2025-08-11 12:11:01,171 views Loaded model for COIN (1w)
INFO 2025-08-11 12:11:01,173 views Loaded model for SQ (1w)
INFO 2025-08-11 12:11:01,177 views Loaded model for SPY (1mo)
INFO 2025-08-11 12:11:01,181 views Loaded model for ARKK (1mo)
INFO 2025-08-11 12:11:01,186 views Loaded model for GOOG (1mo)
INFO 2025-08-11 12:11:01,189 views Loaded model for PLTR (1w)
INFO 2025-08-11 12:11:01,193 views Loaded model for VTI (1mo)
INFO 2025-08-11 12:11:01,196 views Loaded model for QQQ (1mo)
INFO 2025-08-11 12:11:01,201 views Loaded model for ITC_NS (1mo)
INFO 2025-08-11 12:11:01,205 views Loaded model for GOOGL (1mo)
INFO 2025-08-11 12:11:01,208 views Loaded model for RBLX (1w)
INFO 2025-08-11 12:11:01,210 views Loaded model for ZM (1w)
INFO 2025-08-11 12:11:01,213 views Loaded model for PG (1w)
INFO 2025-08-11 12:11:01,217 views Loaded model for MSFT (1mo)
INFO 2025-08-11 12:11:01,220 views Loaded model for PYPL (1w)
INFO 2025-08-11 12:11:01,227 views Loaded model for AMZN (1mo)
INFO 2025-08-11 12:11:01,231 views Loaded model for GME (1w)
INFO 2025-08-11 12:11:01,234 views Loaded model for AMC (1w)
INFO 2025-08-11 12:11:01,237 views Loaded model for DOCU (1w)
INFO 2025-08-11 12:11:01,240 views Loaded model for AMD (1w)
INFO 2025-08-11 12:11:01,243 views Loaded model for ROKU (1w)
INFO 2025-08-11 12:11:01,247 views Loaded model for NVDA (1w)
INFO 2025-08-11 12:11:01,252 views Loaded model for AAPL (1mo)
INFO 2025-08-11 12:11:01,256 views Loaded model for DKNG (1w)
INFO 2025-08-11 12:11:01,261 views Loaded model for IWM (1mo)
INFO 2025-08-11 12:11:01,266 views Loaded model for META (1mo)
INFO 2025-08-11 12:11:01,269 views Loaded model for BHARTIARTL_NS (1w)
INFO 2025-08-11 12:11:01,272 views Loaded model for AXP (1w)
INFO 2025-08-11 12:11:01,272 views Model loading complete: 33 loaded, 0 failed
INFO 2025-08-11 12:11:01,272 views Total models in cache: 33
INFO 2025-08-11 12:11:01,272 views Timeframe 1d: Universal=False, Ticker-specific=0
INFO 2025-08-11 12:11:01,272 views Timeframe 1w: Universal=True, Ticker-specific=20
INFO 2025-08-11 12:11:01,272 views Timeframe 1mo: Universal=False, Ticker-specific=12
INFO 2025-08-11 12:11:01,272 views Timeframe 1y: Universal=False, Ticker-specific=0
INFO 2025-08-11 12:11:06,497 views Found 33 model files in /Users/dibakar/Documents/Code/Git & Github/Repo/StockVibePredictor/Backend/Scripts/Models
INFO 2025-08-11 12:11:06,500 views Loaded model for SNOW (1w)
INFO 2025-08-11 12:11:06,502 views Loaded model for SBIN_NS (1w)
INFO 2025-08-11 12:11:06,505 views Loaded model for HOOD (1w)
INFO 2025-08-11 12:11:06,509 views Loaded universal model for 1w
INFO 2025-08-11 12:11:06,511 views Loaded model for UNH (1w)
INFO 2025-08-11 12:11:06,514 views Loaded model for COIN (1w)
INFO 2025-08-11 12:11:06,516 views Loaded model for SQ (1w)
INFO 2025-08-11 12:11:06,519 views Loaded model for SPY (1mo)
INFO 2025-08-11 12:11:06,522 views Loaded model for ARKK (1mo)
INFO 2025-08-11 12:11:06,525 views Loaded model for GOOG (1mo)
INFO 2025-08-11 12:11:06,528 views Loaded model for PLTR (1w)
INFO 2025-08-11 12:11:06,531 views Loaded model for VTI (1mo)
INFO 2025-08-11 12:11:06,534 views Loaded model for QQQ (1mo)
INFO 2025-08-11 12:11:06,537 views Loaded model for ITC_NS (1mo)
INFO 2025-08-11 12:11:06,540 views Loaded model for GOOGL (1mo)
INFO 2025-08-11 12:11:06,543 views Loaded model for RBLX (1w)
INFO 2025-08-11 12:11:06,545 views Loaded model for ZM (1w)
INFO 2025-08-11 12:11:06,547 views Loaded model for PG (1w)
INFO 2025-08-11 12:11:06,550 views Loaded model for MSFT (1mo)
INFO 2025-08-11 12:11:06,553 views Loaded model for PYPL (1w)
INFO 2025-08-11 12:11:06,557 views Loaded model for AMZN (1mo)
INFO 2025-08-11 12:11:06,560 views Loaded model for GME (1w)
INFO 2025-08-11 12:11:06,562 views Loaded model for AMC (1w)
INFO 2025-08-11 12:11:06,564 views Loaded model for DOCU (1w)
INFO 2025-08-11 12:11:06,566 views Loaded model for AMD (1w)
INFO 2025-08-11 12:11:06,568 views Loaded model for ROKU (1w)
INFO 2025-08-11 12:11:06,571 views Loaded model for NVDA (1w)
INFO 2025-08-11 12:11:06,574 views Loaded model for AAPL (1mo)
INFO 2025-08-11 12:11:06,577 views Loaded model for DKNG (1w)
INFO 2025-08-11 12:11:06,580 views Loaded model for IWM (1mo)
INFO 2025-08-11 12:11:06,583 views Loaded model for META (1mo)
INFO 2025-08-11 12:11:06,585 views Loaded model for BHARTIARTL_NS (1w)
INFO 2025-08-11 12:11:06,588 views Loaded model for AXP (1w)
INFO 2025-08-11 12:11:06,588 views Model loading complete: 33 loaded, 0 failed
INFO 2025-08-11 12:11:06,588 views Total models in cache: 33
INFO 2025-08-11 12:11:06,588 views Timeframe 1d: Universal=False, Ticker-specific=0
INFO 2025-08-11 12:11:06,588 views Timeframe 1w: Universal=True, Ticker-specific=20
INFO 2025-08-11 12:11:06,588 views Timeframe 1mo: Universal=False, Ticker-specific=12
INFO 2025-08-11 12:11:06,588 views Timeframe 1y: Universal=False, Ticker-specific=0
INFO 2025-08-11 12:11:11,951 views Redis connection test passed
INFO 2025-08-11 12:11:17,875 views Fetching 1d data for AAPL
INFO 2025-08-11 12:11:17,876 views Sync fetch for AAPL with timeframe 1d
INFO 2025-08-11 12:11:19,060 views Successfully fetched 62 rows for AAPL
INFO 2025-08-11 12:11:19,509 views Computed comprehensive features for 1d timeframe
WARNING 2025-08-11 12:11:19,509 views Using fallback model for AAPL (1d): SNOW_1w
INFO 2025-08-11 12:11:19,562 views Multi-timeframe prediction completed for AAPL
INFO 2025-08-11 12:12:11,295 views Returning cached multi-timeframe prediction for AAPL
INFO 2025-08-11 15:21:01,293 views Found 0 model files in /Users/dibakar/Documents/Code/Git & Github/Repo/StockVibePredictor/Backend/Scripts/Models
INFO 2025-08-11 15:21:01,294 views Model loading complete: 0 loaded, 0 failed
INFO 2025-08-11 15:21:01,294 views Total models in cache: 0
INFO 2025-08-11 15:21:01,294 views Timeframe 1d: Universal=False, Ticker-specific=0
INFO 2025-08-11 15:21:01,294 views Timeframe 1w: Universal=False, Ticker-specific=0
INFO 2025-08-11 15:21:01,294 views Timeframe 1mo: Universal=False, Ticker-specific=0
INFO 2025-08-11 15:21:01,294 views Timeframe 1y: Universal=False, Ticker-specific=0
INFO 2025-08-11 15:22:51,762 views Found 25 model files in /Users/dibakar/Documents/Code/Git & Github/Repo/StockVibePredictor/Backend/Scripts/Models
INFO 2025-08-11 15:22:51,766 views Loaded model for SNOW (1w)
INFO 2025-08-11 15:22:51,772 views Loaded model for COIN (1mo)
INFO 2025-08-11 15:22:51,776 views Loaded model for C (1w)
INFO 2025-08-11 15:22:51,810 views Loaded universal model for 1w
INFO 2025-08-11 15:22:51,814 views Loaded model for UNH (1w)
INFO 2025-08-11 15:22:51,820 views Loaded model for GOOG (1mo)
INFO 2025-08-11 15:22:51,823 views Loaded model for BAC (1w)
INFO 2025-08-11 15:22:51,827 views Loaded model for MS (1w)
INFO 2025-08-11 15:22:51,833 views Loaded model for GOOGL (1mo)
INFO 2025-08-11 15:22:51,837 views Loaded model for RBLX (1w)
INFO 2025-08-11 15:22:51,842 views Loaded model for MA (1mo)
INFO 2025-08-11 15:22:51,847 views Loaded model for WFC (1w)
INFO 2025-08-11 15:22:51,851 views Loaded model for ZM (1w)
INFO 2025-08-11 15:22:51,856 views Loaded model for PG (1w)
INFO 2025-08-11 15:22:51,862 views Loaded model for MSFT (1mo)
INFO 2025-08-11 15:22:51,866 views Loaded model for AMZN (1mo)
INFO 2025-08-11 15:22:51,870 views Loaded model for GME (1w)
INFO 2025-08-11 15:22:51,874 views Loaded model for AMC (1w)
INFO 2025-08-11 15:22:51,878 views Loaded model for DOCU (1w)
INFO 2025-08-11 15:22:51,881 views Loaded model for ROKU (1w)
INFO 2025-08-11 15:22:51,888 views Loaded model for AAPL (1mo)
INFO 2025-08-11 15:22:51,891 views Loaded model for DKNG (1w)
INFO 2025-08-11 15:22:51,897 views Loaded model for GS (1mo)
INFO 2025-08-11 15:22:51,901 views Loaded model for PLTR (1mo)
INFO 2025-08-11 15:22:51,907 views Loaded model for META (1mo)
INFO 2025-08-11 15:22:51,907 views Model loading complete: 25 loaded, 0 failed
INFO 2025-08-11 15:22:51,907 views Total models in cache: 25
INFO 2025-08-11 15:22:51,907 views Timeframe 1d: Universal=False, Ticker-specific=0
INFO 2025-08-11 15:22:51,907 views Timeframe 1w: Universal=True, Ticker-specific=14
INFO 2025-08-11 15:22:51,907 views Timeframe 1mo: Universal=False, Ticker-specific=10
INFO 2025-08-11 15:22:51,907 views Timeframe 1y: Universal=False, Ticker-specific=0
INFO 2025-08-11 15:23:18,339 views Found 25 model files in /Users/dibakar/Documents/Code/Git & Github/Repo/StockVibePredictor/Backend/Scripts/Models
INFO 2025-08-11 15:23:18,344 views Loaded model for SNOW (1w)
INFO 2025-08-11 15:23:18,351 views Loaded model for COIN (1mo)
INFO 2025-08-11 15:23:18,356 views Loaded model for C (1w)
INFO 2025-08-11 15:23:18,388 views Loaded universal model for 1w
INFO 2025-08-11 15:23:18,392 views Loaded model for UNH (1w)
INFO 2025-08-11 15:23:18,397 views Loaded model for GOOG (1mo)
INFO 2025-08-11 15:23:18,400 views Loaded model for BAC (1w)
INFO 2025-08-11 15:23:18,404 views Loaded model for MS (1w)
INFO 2025-08-11 15:23:18,409 views Loaded model for GOOGL (1mo)
INFO 2025-08-11 15:23:18,413 views Loaded model for RBLX (1w)
INFO 2025-08-11 15:23:18,418 views Loaded model for MA (1mo)
INFO 2025-08-11 15:23:18,422 views Loaded model for WFC (1w)
INFO 2025-08-11 15:23:18,427 views Loaded model for ZM (1w)
INFO 2025-08-11 15:23:18,431 views Loaded model for PG (1w)
INFO 2025-08-11 15:23:18,437 views Loaded model for MSFT (1mo)
INFO 2025-08-11 15:23:18,441 views Loaded model for AMZN (1mo)
INFO 2025-08-11 15:23:18,446 views Loaded model for GME (1w)
INFO 2025-08-11 15:23:18,451 views Loaded model for AMC (1w)
INFO 2025-08-11 15:23:18,455 views Loaded model for DOCU (1w)
INFO 2025-08-11 15:23:18,459 views Loaded model for ROKU (1w)
INFO 2025-08-11 15:23:18,465 views Loaded model for AAPL (1mo)
INFO 2025-08-11 15:23:18,469 views Loaded model for DKNG (1w)
INFO 2025-08-11 15:23:18,475 views Loaded model for GS (1mo)
INFO 2025-08-11 15:23:18,479 views Loaded model for PLTR (1mo)
INFO 2025-08-11 15:23:18,485 views Loaded model for META (1mo)
INFO 2025-08-11 15:23:18,485 views Model loading complete: 25 loaded, 0 failed
INFO 2025-08-11 15:23:18,485 views Total models in cache: 25
INFO 2025-08-11 15:23:18,485 views Timeframe 1d: Universal=False, Ticker-specific=0
INFO 2025-08-11 15:23:18,485 views Timeframe 1w: Universal=True, Ticker-specific=14
INFO 2025-08-11 15:23:18,485 views Timeframe 1mo: Universal=False, Ticker-specific=10
INFO 2025-08-11 15:23:18,485 views Timeframe 1y: Universal=False, Ticker-specific=0
INFO 2025-08-11 15:23:28,881 views Found 25 model files in /Users/dibakar/Documents/Code/Git & Github/Repo/StockVibePredictor/Backend/Scripts/Models
INFO 2025-08-11 15:23:28,886 views Loaded model for SNOW (1w)
INFO 2025-08-11 15:23:28,891 views Loaded model for COIN (1mo)
INFO 2025-08-11 15:23:28,895 views Loaded model for C (1w)
INFO 2025-08-11 15:23:28,903 views Loaded universal model for 1w
INFO 2025-08-11 15:23:28,907 views Loaded model for UNH (1w)
INFO 2025-08-11 15:23:28,912 views Loaded model for GOOG (1mo)
INFO 2025-08-11 15:23:28,915 views Loaded model for BAC (1w)
INFO 2025-08-11 15:23:28,918 views Loaded model for MS (1w)
INFO 2025-08-11 15:23:28,924 views Loaded model for GOOGL (1mo)
INFO 2025-08-11 15:23:28,928 views Loaded model for RBLX (1w)
INFO 2025-08-11 15:23:28,933 views Loaded model for MA (1mo)
INFO 2025-08-11 15:23:28,937 views Loaded model for WFC (1w)
INFO 2025-08-11 15:23:28,941 views Loaded model for ZM (1w)
INFO 2025-08-11 15:23:28,944 views Loaded model for PG (1w)
INFO 2025-08-11 15:23:28,950 views Loaded model for MSFT (1mo)
INFO 2025-08-11 15:23:28,955 views Loaded model for AMZN (1mo)
INFO 2025-08-11 15:23:28,959 views Loaded model for GME (1w)
INFO 2025-08-11 15:23:28,963 views Loaded model for AMC (1w)
INFO 2025-08-11 15:23:28,966 views Loaded model for DOCU (1w)
INFO 2025-08-11 15:23:28,970 views Loaded model for ROKU (1w)
INFO 2025-08-11 15:23:28,976 views Loaded model for AAPL (1mo)
INFO 2025-08-11 15:23:28,981 views Loaded model for DKNG (1w)
INFO 2025-08-11 15:23:28,986 views Loaded model for GS (1mo)
INFO 2025-08-11 15:23:28,992 views Loaded model for PLTR (1mo)
INFO 2025-08-11 15:23:28,997 views Loaded model for META (1mo)
INFO 2025-08-11 15:23:28,997 views Model loading complete: 25 loaded, 0 failed
INFO 2025-08-11 15:23:28,997 views Total models in cache: 25
INFO 2025-08-11 15:23:28,997 views Timeframe 1d: Universal=False, Ticker-specific=0
INFO 2025-08-11 15:23:28,997 views Timeframe 1w: Universal=True, Ticker-specific=14
INFO 2025-08-11 15:23:28,997 views Timeframe 1mo: Universal=False, Ticker-specific=10
INFO 2025-08-11 15:23:28,997 views Timeframe 1y: Universal=False, Ticker-specific=0
INFO 2025-08-11 15:23:36,560 views Found 25 model files in /Users/dibakar/Documents/Code/Git & Github/Repo/StockVibePredictor/Backend/Scripts/Models
INFO 2025-08-11 15:23:36,564 views Loaded model for SNOW (1w)
INFO 2025-08-11 15:23:36,570 views Loaded model for COIN (1mo)
INFO 2025-08-11 15:23:36,573 views Loaded model for C (1w)
INFO 2025-08-11 15:23:36,579 views Loaded universal model for 1w
INFO 2025-08-11 15:23:36,583 views Loaded model for UNH (1w)
INFO 2025-08-11 15:23:36,587 views Loaded model for GOOG (1mo)
INFO 2025-08-11 15:23:36,589 views Loaded model for BAC (1w)
INFO 2025-08-11 15:23:36,592 views Loaded model for MS (1w)
INFO 2025-08-11 15:23:36,596 views Loaded model for GOOGL (1mo)
INFO 2025-08-11 15:23:36,600 views Loaded model for RBLX (1w)
INFO 2025-08-11 15:23:36,605 views Loaded model for MA (1mo)
INFO 2025-08-11 15:23:36,608 views Loaded model for WFC (1w)
INFO 2025-08-11 15:23:36,611 views Loaded model for ZM (1w)
INFO 2025-08-11 15:23:36,615 views Loaded model for PG (1w)
INFO 2025-08-11 15:23:36,619 views Loaded model for MSFT (1mo)
INFO 2025-08-11 15:23:36,623 views Loaded model for AMZN (1mo)
INFO 2025-08-11 15:23:36,626 views Loaded model for GME (1w)
INFO 2025-08-11 15:23:36,630 views Loaded model for AMC (1w)
INFO 2025-08-11 15:23:36,633 views Loaded model for DOCU (1w)
INFO 2025-08-11 15:23:36,636 views Loaded model for ROKU (1w)
INFO 2025-08-11 15:23:36,644 views Loaded model for AAPL (1mo)
INFO 2025-08-11 15:23:36,646 views Loaded model for DKNG (1w)
INFO 2025-08-11 15:23:36,651 views Loaded model for GS (1mo)
INFO 2025-08-11 15:23:36,655 views Loaded model for PLTR (1mo)
INFO 2025-08-11 15:23:36,660 views Loaded model for META (1mo)
INFO 2025-08-11 15:23:36,660 views Model loading complete: 25 loaded, 0 failed
INFO 2025-08-11 15:23:36,660 views Total models in cache: 25
INFO 2025-08-11 15:23:36,660 views Timeframe 1d: Universal=False, Ticker-specific=0
INFO 2025-08-11 15:23:36,660 views Timeframe 1w: Universal=True, Ticker-specific=14
INFO 2025-08-11 15:23:36,660 views Timeframe 1mo: Universal=False, Ticker-specific=10
INFO 2025-08-11 15:23:36,660 views Timeframe 1y: Universal=False, Ticker-specific=0
INFO 2025-08-11 15:23:54,248 views Fetching 1d data for AAPL
INFO 2025-08-11 15:23:54,248 views Sync fetch for AAPL with timeframe 1d
INFO 2025-08-11 15:23:54,446 views Successfully fetched 63 rows for AAPL
INFO 2025-08-11 15:23:54,816 views Computed comprehensive features for 1d timeframe
INFO 2025-08-11 15:23:54,816 views Fetching 1w data for AAPL
INFO 2025-08-11 15:23:54,816 views Sync fetch for AAPL with timeframe 1w
INFO 2025-08-11 15:23:55,016 views Successfully fetched 250 rows for AAPL
INFO 2025-08-11 15:23:55,212 views Computed comprehensive features for 1w timeframe
INFO 2025-08-11 15:23:55,212 views Fetching 1mo data for AAPL
INFO 2025-08-11 15:23:55,212 views Sync fetch for AAPL with timeframe 1mo
INFO 2025-08-11 15:23:55,385 views Successfully fetched 106 rows for AAPL
INFO 2025-08-11 15:23:55,585 views Computed comprehensive features for 1mo timeframe
WARNING 2025-08-11 15:23:55,586 views Using fallback model for AAPL (1d): SNOW_1w
INFO 2025-08-11 15:23:55,635 views Using universal model for AAPL (1w)
INFO 2025-08-11 15:23:55,664 views Using ticker-specific model for AAPL (1mo)
INFO 2025-08-11 15:23:55,691 views Multi-timeframe prediction completed for AAPL
INFO 2025-08-11 15:24:09,332 views Fetching 1y data for AAPL
INFO 2025-08-11 15:24:09,333 views Sync fetch for AAPL with timeframe 1y
INFO 2025-08-11 15:24:09,535 views Successfully fetched 120 rows for AAPL
INFO 2025-08-11 15:24:09,776 views Computed comprehensive features for 1y timeframe
WARNING 2025-08-11 15:24:09,776 views Using fallback model for AAPL (1y): SNOW_1w
INFO 2025-08-11 15:24:09,809 views Multi-timeframe prediction completed for AAPL
INFO 2025-08-11 15:24:30,137 views Fetching 1y data for GOOGL
INFO 2025-08-11 15:24:30,137 views Sync fetch for GOOGL with timeframe 1y
INFO 2025-08-11 15:24:30,296 views Successfully fetched 120 rows for GOOGL
INFO 2025-08-11 15:24:30,644 views Computed comprehensive features for 1y timeframe
WARNING 2025-08-11 15:24:30,644 views Using fallback model for GOOGL (1y): SNOW_1w
INFO 2025-08-11 15:24:30,677 views Multi-timeframe prediction completed for GOOGL
INFO 2025-08-11 16:27:25,122 views Found 25 model files in /Users/dibakar/Documents/Code/Git & Github/Repo/StockVibePredictor/Backend/Scripts/Models
INFO 2025-08-11 16:27:25,127 views Loaded model for SNOW (1w)
INFO 2025-08-11 16:27:25,132 views Loaded model for COIN (1mo)
INFO 2025-08-11 16:27:25,137 views Loaded model for C (1w)
INFO 2025-08-11 16:27:25,170 views Loaded universal model for 1w
INFO 2025-08-11 16:27:25,175 views Loaded model for UNH (1w)
INFO 2025-08-11 16:27:25,185 views Loaded model for GOOG (1mo)
INFO 2025-08-11 16:27:25,189 views Loaded model for BAC (1w)
INFO 2025-08-11 16:27:25,193 views Loaded model for MS (1w)
INFO 2025-08-11 16:27:25,199 views Loaded model for GOOGL (1mo)
INFO 2025-08-11 16:27:25,203 views Loaded model for RBLX (1w)
INFO 2025-08-11 16:27:25,209 views Loaded model for MA (1mo)
INFO 2025-08-11 16:27:25,214 views Loaded model for WFC (1w)
INFO 2025-08-11 16:27:25,218 views Loaded model for ZM (1w)
INFO 2025-08-11 16:27:25,222 views Loaded model for PG (1w)
INFO 2025-08-11 16:27:25,228 views Loaded model for MSFT (1mo)
INFO 2025-08-11 16:27:25,233 views Loaded model for AMZN (1mo)
INFO 2025-08-11 16:27:25,237 views Loaded model for GME (1w)
INFO 2025-08-11 16:27:25,241 views Loaded model for AMC (1w)
INFO 2025-08-11 16:27:25,245 views Loaded model for DOCU (1w)
INFO 2025-08-11 16:27:25,248 views Loaded model for ROKU (1w)
INFO 2025-08-11 16:27:25,255 views Loaded model for AAPL (1mo)
INFO 2025-08-11 16:27:25,259 views Loaded model for DKNG (1w)
INFO 2025-08-11 16:27:25,265 views Loaded model for GS (1mo)
INFO 2025-08-11 16:27:25,269 views Loaded model for PLTR (1mo)
INFO 2025-08-11 16:27:25,274 views Loaded model for META (1mo)
INFO 2025-08-11 16:27:25,274 views Model loading complete: 25 loaded, 0 failed
INFO 2025-08-11 16:27:25,275 views Total models in cache: 25
INFO 2025-08-11 16:27:25,275 views Timeframe 1d: Universal=False, Ticker-specific=0
INFO 2025-08-11 16:27:25,275 views Timeframe 1w: Universal=True, Ticker-specific=14
INFO 2025-08-11 16:27:25,275 views Timeframe 1mo: Universal=False, Ticker-specific=10
INFO 2025-08-11 16:27:25,275 views Timeframe 1y: Universal=False, Ticker-specific=0
INFO 2025-08-11 16:27:51,669 views Fetching 1d data for AAPL
INFO 2025-08-11 16:27:51,670 views Sync fetch for AAPL with timeframe 1d
INFO 2025-08-11 16:27:52,258 views Successfully fetched 63 rows for AAPL
INFO 2025-08-11 16:27:52,791 views Computed comprehensive features for 1d timeframe
INFO 2025-08-11 16:27:52,791 views Fetching 1w data for AAPL
INFO 2025-08-11 16:27:52,791 views Sync fetch for AAPL with timeframe 1w
INFO 2025-08-11 16:27:52,990 views Successfully fetched 250 rows for AAPL
INFO 2025-08-11 16:27:53,212 views Computed comprehensive features for 1w timeframe
INFO 2025-08-11 16:27:53,212 views Fetching 1mo data for AAPL
INFO 2025-08-11 16:27:53,212 views Sync fetch for AAPL with timeframe 1mo
INFO 2025-08-11 16:27:53,408 views Successfully fetched 106 rows for AAPL
INFO 2025-08-11 16:27:53,602 views Computed comprehensive features for 1mo timeframe
WARNING 2025-08-11 16:27:53,602 views Using fallback model for AAPL (1d): SNOW_1w
INFO 2025-08-11 16:27:53,645 views Using universal model for AAPL (1w)
INFO 2025-08-11 16:27:53,675 views Using ticker-specific model for AAPL (1mo)
INFO 2025-08-11 16:27:53,722 views Multi-timeframe prediction completed for AAPL
INFO 2025-08-11 16:31:58,401 views Found 25 model files in /Users/dibakar/Documents/Code/Git & Github/Repo/StockVibePredictor/Backend/Scripts/Models
INFO 2025-08-11 16:31:58,406 views Loaded model for SNOW (1w)
INFO 2025-08-11 16:31:58,411 views Loaded model for COIN (1mo)
INFO 2025-08-11 16:31:58,416 views Loaded model for C (1w)
INFO 2025-08-11 16:31:58,423 views Loaded universal model for 1w
INFO 2025-08-11 16:31:58,428 views Loaded model for UNH (1w)
INFO 2025-08-11 16:31:58,433 views Loaded model for GOOG (1mo)
INFO 2025-08-11 16:31:58,437 views Loaded model for BAC (1w)
INFO 2025-08-11 16:31:58,441 views Loaded model for MS (1w)
INFO 2025-08-11 16:31:58,450 views Loaded model for GOOGL (1mo)
INFO 2025-08-11 16:31:58,454 views Loaded model for RBLX (1w)
INFO 2025-08-11 16:31:58,459 views Loaded model for MA (1mo)
INFO 2025-08-11 16:31:58,463 views Loaded model for WFC (1w)
INFO 2025-08-11 16:31:58,467 views Loaded model for ZM (1w)
INFO 2025-08-11 16:31:58,471 views Loaded model for PG (1w)
INFO 2025-08-11 16:31:58,477 views Loaded model for MSFT (1mo)
INFO 2025-08-11 16:31:58,482 views Loaded model for AMZN (1mo)
INFO 2025-08-11 16:31:58,486 views Loaded model for GME (1w)
INFO 2025-08-11 16:31:58,490 views Loaded model for AMC (1w)
INFO 2025-08-11 16:31:58,494 views Loaded model for DOCU (1w)
INFO 2025-08-11 16:31:58,497 views Loaded model for ROKU (1w)
INFO 2025-08-11 16:31:58,505 views Loaded model for AAPL (1mo)
INFO 2025-08-11 16:31:58,509 views Loaded model for DKNG (1w)
INFO 2025-08-11 16:31:58,516 views Loaded model for GS (1mo)
INFO 2025-08-11 16:31:58,521 views Loaded model for PLTR (1mo)
INFO 2025-08-11 16:31:58,527 views Loaded model for META (1mo)
INFO 2025-08-11 16:31:58,527 views Model loading complete: 25 loaded, 0 failed
INFO 2025-08-11 16:31:58,527 views Total models in cache: 25
INFO 2025-08-11 16:31:58,527 views Timeframe 1d: Universal=False, Ticker-specific=0
INFO 2025-08-11 16:31:58,527 views Timeframe 1w: Universal=True, Ticker-specific=14
INFO 2025-08-11 16:31:58,527 views Timeframe 1mo: Universal=False, Ticker-specific=10
INFO 2025-08-11 16:31:58,527 views Timeframe 1y: Universal=False, Ticker-specific=0
INFO 2025-08-12 09:44:09,479 views Found 0 model files in /Users/dibakar/Documents/Code/Git & Github/Repo/StockVibePredictor/Backend/Scripts/Models
INFO 2025-08-12 09:44:09,479 views Model loading complete: 0 loaded, 0 failed
INFO 2025-08-12 09:44:09,479 views Total models in cache: 0
INFO 2025-08-12 09:44:09,479 views Timeframe 1d: Universal=False, Ticker-specific=0
INFO 2025-08-12 09:44:09,479 views Timeframe 1w: Universal=False, Ticker-specific=0
INFO 2025-08-12 09:44:09,479 views Timeframe 1mo: Universal=False, Ticker-specific=0
INFO 2025-08-12 09:44:09,479 views Timeframe 1y: Universal=False, Ticker-specific=0
INFO 2025-08-12 09:46:47,055 views Found 44 model files in /Users/dibakar/Documents/Code/Git & Github/Repo/StockVibePredictor/Backend/Scripts/Models
INFO 2025-08-12 09:46:47,060 views Loaded model for INFY_NS (1w)
INFO 2025-08-12 09:46:47,064 views Loaded model for SNOW (1w)
INFO 2025-08-12 09:46:47,069 views Loaded model for BRK_B (1mo)
INFO 2025-08-12 09:46:47,074 views Loaded model for META (1w)
INFO 2025-08-12 09:46:47,078 views Loaded model for HOOD (1w)
INFO 2025-08-12 09:46:47,082 views Loaded model for GOOGL (1w)
INFO 2025-08-12 09:46:47,088 views Loaded model for PYPL (1mo)
INFO 2025-08-12 09:46:47,092 views Loaded model for HINDUNILVR_NS (1w)
INFO 2025-08-12 09:46:47,095 views Loaded model for ARKK (1w)
INFO 2025-08-12 09:46:47,099 views Loaded model for QQQ (1w)
INFO 2025-08-12 09:46:47,111 views Loaded universal model for 1w
INFO 2025-08-12 09:46:47,115 views Loaded model for SPY (1w)
INFO 2025-08-12 09:46:47,119 views Loaded model for COIN (1w)
INFO 2025-08-12 09:46:47,123 views Loaded model for SQ (1w)
INFO 2025-08-12 09:46:47,133 views Loaded model for BRK_A (1mo)
INFO 2025-08-12 09:46:47,138 views Loaded model for AMC (1mo)
INFO 2025-08-12 09:46:47,142 views Loaded model for PLTR (1w)
INFO 2025-08-12 09:46:47,147 views Loaded model for AMZN (1w)
INFO 2025-08-12 09:46:47,153 views Loaded model for V (1mo)
INFO 2025-08-12 09:46:47,157 views Loaded model for TSLA (1w)
INFO 2025-08-12 09:46:47,163 views Loaded model for JPM (1mo)
INFO 2025-08-12 09:46:47,167 views Loaded model for TCS_NS (1w)
INFO 2025-08-12 09:46:47,172 views Loaded model for NOK (1mo)
INFO 2025-08-12 09:46:47,179 views Loaded model for IWM (1w)
INFO 2025-08-12 09:46:47,183 views Loaded model for RELIANCE_NS (1w)
INFO 2025-08-12 09:46:47,187 views Loaded model for AAPL (1w)
INFO 2025-08-12 09:46:47,191 views Loaded model for RBLX (1w)
INFO 2025-08-12 09:46:47,195 views Loaded model for ZM (1w)
INFO 2025-08-12 09:46:47,198 views Loaded model for HDFCBANK_NS (1w)
INFO 2025-08-12 09:46:47,202 views Loaded model for GME (1w)
INFO 2025-08-12 09:46:47,206 views Loaded model for AMC (1w)
INFO 2025-08-12 09:46:47,213 views Loaded model for BB (1mo)
INFO 2025-08-12 09:46:47,216 views Loaded model for DOCU (1w)
INFO 2025-08-12 09:46:47,220 views Loaded model for AMD (1w)
INFO 2025-08-12 09:46:47,224 views Loaded model for ROKU (1w)
INFO 2025-08-12 09:46:47,228 views Loaded model for NVDA (1w)
INFO 2025-08-12 09:46:47,233 views Loaded model for DKNG (1w)
INFO 2025-08-12 09:46:47,236 views Loaded model for MSFT (1w)
INFO 2025-08-12 09:46:47,240 views Loaded model for INDEX_NSEI (1w)
INFO 2025-08-12 09:46:47,243 views Loaded model for VTI (1w)
INFO 2025-08-12 09:46:47,250 views Loaded model for GME (1mo)
INFO 2025-08-12 09:46:47,255 views Loaded model for JNJ (1mo)
INFO 2025-08-12 09:46:47,259 views Loaded model for GOOG (1w)
INFO 2025-08-12 09:46:47,264 views Loaded model for AXP (1w)
INFO 2025-08-12 09:46:47,264 views Model loading complete: 44 loaded, 0 failed
INFO 2025-08-12 09:46:47,264 views Total models in cache: 44
INFO 2025-08-12 09:46:47,264 views Timeframe 1d: Universal=False, Ticker-specific=0
INFO 2025-08-12 09:46:47,264 views Timeframe 1w: Universal=True, Ticker-specific=33
INFO 2025-08-12 09:46:47,264 views Timeframe 1mo: Universal=False, Ticker-specific=10
INFO 2025-08-12 09:46:47,264 views Timeframe 1y: Universal=False, Ticker-specific=0
INFO 2025-08-12 09:46:52,195 views Found 44 model files in /Users/dibakar/Documents/Code/Git & Github/Repo/StockVibePredictor/Backend/Scripts/Models
INFO 2025-08-12 09:46:52,199 views Loaded model for INFY_NS (1w)
INFO 2025-08-12 09:46:52,202 views Loaded model for SNOW (1w)
INFO 2025-08-12 09:46:52,207 views Loaded model for BRK_B (1mo)
INFO 2025-08-12 09:46:52,210 views Loaded model for META (1w)
INFO 2025-08-12 09:46:52,213 views Loaded model for HOOD (1w)
INFO 2025-08-12 09:46:52,216 views Loaded model for GOOGL (1w)
INFO 2025-08-12 09:46:52,220 views Loaded model for PYPL (1mo)
INFO 2025-08-12 09:46:52,224 views Loaded model for HINDUNILVR_NS (1w)
INFO 2025-08-12 09:46:52,227 views Loaded model for ARKK (1w)
INFO 2025-08-12 09:46:52,230 views Loaded model for QQQ (1w)
INFO 2025-08-12 09:46:52,235 views Loaded universal model for 1w
INFO 2025-08-12 09:46:52,239 views Loaded model for SPY (1w)
INFO 2025-08-12 09:46:52,245 views Loaded model for COIN (1w)
INFO 2025-08-12 09:46:52,248 views Loaded model for SQ (1w)
INFO 2025-08-12 09:46:52,252 views Loaded model for BRK_A (1mo)
INFO 2025-08-12 09:46:52,256 views Loaded model for AMC (1mo)
INFO 2025-08-12 09:46:52,259 views Loaded model for PLTR (1w)
INFO 2025-08-12 09:46:52,263 views Loaded model for AMZN (1w)
INFO 2025-08-12 09:46:52,267 views Loaded model for V (1mo)
INFO 2025-08-12 09:46:52,271 views Loaded model for TSLA (1w)
INFO 2025-08-12 09:46:52,275 views Loaded model for JPM (1mo)
INFO 2025-08-12 09:46:52,278 views Loaded model for TCS_NS (1w)
INFO 2025-08-12 09:46:52,282 views Loaded model for NOK (1mo)
INFO 2025-08-12 09:46:52,285 views Loaded model for IWM (1w)
INFO 2025-08-12 09:46:52,289 views Loaded model for RELIANCE_NS (1w)
INFO 2025-08-12 09:46:52,292 views Loaded model for AAPL (1w)
INFO 2025-08-12 09:46:52,297 views Loaded model for RBLX (1w)
INFO 2025-08-12 09:46:52,301 views Loaded model for ZM (1w)
INFO 2025-08-12 09:46:52,303 views Loaded model for HDFCBANK_NS (1w)
INFO 2025-08-12 09:46:52,307 views Loaded model for GME (1w)
INFO 2025-08-12 09:46:52,309 views Loaded model for AMC (1w)
INFO 2025-08-12 09:46:52,313 views Loaded model for BB (1mo)
INFO 2025-08-12 09:46:52,316 views Loaded model for DOCU (1w)
INFO 2025-08-12 09:46:52,320 views Loaded model for AMD (1w)
INFO 2025-08-12 09:46:52,323 views Loaded model for ROKU (1w)
INFO 2025-08-12 09:46:52,330 views Loaded model for NVDA (1w)
INFO 2025-08-12 09:46:52,333 views Loaded model for DKNG (1w)
INFO 2025-08-12 09:46:52,336 views Loaded model for MSFT (1w)
INFO 2025-08-12 09:46:52,339 views Loaded model for INDEX_NSEI (1w)
INFO 2025-08-12 09:46:52,342 views Loaded model for VTI (1w)
INFO 2025-08-12 09:46:52,346 views Loaded model for GME (1mo)
INFO 2025-08-12 09:46:52,350 views Loaded model for JNJ (1mo)
INFO 2025-08-12 09:46:52,352 views Loaded model for GOOG (1w)
INFO 2025-08-12 09:46:52,356 views Loaded model for AXP (1w)
INFO 2025-08-12 09:46:52,356 views Model loading complete: 44 loaded, 0 failed
INFO 2025-08-12 09:46:52,356 views Total models in cache: 44
INFO 2025-08-12 09:46:52,356 views Timeframe 1d: Universal=False, Ticker-specific=0
INFO 2025-08-12 09:46:52,356 views Timeframe 1w: Universal=True, Ticker-specific=33
INFO 2025-08-12 09:46:52,356 views Timeframe 1mo: Universal=False, Ticker-specific=10
INFO 2025-08-12 09:46:52,356 views Timeframe 1y: Universal=False, Ticker-specific=0
INFO 2025-08-12 09:47:01,630 views Found 44 model files in /Users/dibakar/Documents/Code/Git & Github/Repo/StockVibePredictor/Backend/Scripts/Models
INFO 2025-08-12 09:47:01,634 views Loaded model for INFY_NS (1w)
INFO 2025-08-12 09:47:01,638 views Loaded model for SNOW (1w)
INFO 2025-08-12 09:47:01,645 views Loaded model for BRK_B (1mo)
INFO 2025-08-12 09:47:01,648 views Loaded model for META (1w)
INFO 2025-08-12 09:47:01,651 views Loaded model for HOOD (1w)
INFO 2025-08-12 09:47:01,654 views Loaded model for GOOGL (1w)
INFO 2025-08-12 09:47:01,658 views Loaded model for PYPL (1mo)
INFO 2025-08-12 09:47:01,662 views Loaded model for HINDUNILVR_NS (1w)
INFO 2025-08-12 09:47:01,665 views Loaded model for ARKK (1w)
INFO 2025-08-12 09:47:01,670 views Loaded model for QQQ (1w)
INFO 2025-08-12 09:47:01,675 views Loaded universal model for 1w
INFO 2025-08-12 09:47:01,678 views Loaded model for SPY (1w)
INFO 2025-08-12 09:47:01,684 views Loaded model for COIN (1w)
INFO 2025-08-12 09:47:01,687 views Loaded model for SQ (1w)
INFO 2025-08-12 09:47:01,691 views Loaded model for BRK_A (1mo)
INFO 2025-08-12 09:47:01,695 views Loaded model for AMC (1mo)
INFO 2025-08-12 09:47:01,698 views Loaded model for PLTR (1w)
INFO 2025-08-12 09:47:01,702 views Loaded model for AMZN (1w)
INFO 2025-08-12 09:47:01,706 views Loaded model for V (1mo)
INFO 2025-08-12 09:47:01,711 views Loaded model for TSLA (1w)
INFO 2025-08-12 09:47:01,716 views Loaded model for JPM (1mo)
INFO 2025-08-12 09:47:01,720 views Loaded model for TCS_NS (1w)
INFO 2025-08-12 09:47:01,724 views Loaded model for NOK (1mo)
INFO 2025-08-12 09:47:01,728 views Loaded model for IWM (1w)
INFO 2025-08-12 09:47:01,731 views Loaded model for RELIANCE_NS (1w)
INFO 2025-08-12 09:47:01,734 views Loaded model for AAPL (1w)
INFO 2025-08-12 09:47:01,737 views Loaded model for RBLX (1w)
INFO 2025-08-12 09:47:01,741 views Loaded model for ZM (1w)
INFO 2025-08-12 09:47:01,743 views Loaded model for HDFCBANK_NS (1w)
INFO 2025-08-12 09:47:01,750 views Loaded model for GME (1w)
INFO 2025-08-12 09:47:01,753 views Loaded model for AMC (1w)
INFO 2025-08-12 09:47:01,757 views Loaded model for BB (1mo)
INFO 2025-08-12 09:47:01,760 views Loaded model for DOCU (1w)
INFO 2025-08-12 09:47:01,763 views Loaded model for AMD (1w)
INFO 2025-08-12 09:47:01,766 views Loaded model for ROKU (1w)
INFO 2025-08-12 09:47:01,769 views Loaded model for NVDA (1w)
INFO 2025-08-12 09:47:01,772 views Loaded model for DKNG (1w)
INFO 2025-08-12 09:47:01,776 views Loaded model for MSFT (1w)
INFO 2025-08-12 09:47:01,779 views Loaded model for INDEX_NSEI (1w)
INFO 2025-08-12 09:47:01,782 views Loaded model for VTI (1w)
INFO 2025-08-12 09:47:01,786 views Loaded model for GME (1mo)
INFO 2025-08-12 09:47:01,791 views Loaded model for JNJ (1mo)
INFO 2025-08-12 09:47:01,795 views Loaded model for GOOG (1w)
INFO 2025-08-12 09:47:01,798 views Loaded model for AXP (1w)
INFO 2025-08-12 09:47:01,798 views Model loading complete: 44 loaded, 0 failed
INFO 2025-08-12 09:47:01,798 views Total models in cache: 44
INFO 2025-08-12 09:47:01,798 views Timeframe 1d: Universal=False, Ticker-specific=0
INFO 2025-08-12 09:47:01,798 views Timeframe 1w: Universal=True, Ticker-specific=33
INFO 2025-08-12 09:47:01,798 views Timeframe 1mo: Universal=False, Ticker-specific=10
INFO 2025-08-12 09:47:01,798 views Timeframe 1y: Universal=False, Ticker-specific=0
INFO 2025-08-12 11:12:21,596 views Found 44 model files in /Users/dibakar/Documents/Code/Git & Github/Repo/StockVibePredictor/Backend/Scripts/Models
INFO 2025-08-12 11:12:21,601 views Loaded model for INFY_NS (1w)
INFO 2025-08-12 11:12:21,605 views Loaded model for SNOW (1w)
INFO 2025-08-12 11:12:21,611 views Loaded model for BRK_B (1mo)
INFO 2025-08-12 11:12:21,615 views Loaded model for META (1w)
INFO 2025-08-12 11:12:21,619 views Loaded model for HOOD (1w)
INFO 2025-08-12 11:12:21,623 views Loaded model for GOOGL (1w)
INFO 2025-08-12 11:12:21,628 views Loaded model for PYPL (1mo)
INFO 2025-08-12 11:12:21,632 views Loaded model for HINDUNILVR_NS (1w)
INFO 2025-08-12 11:12:21,636 views Loaded model for ARKK (1w)
INFO 2025-08-12 11:12:21,639 views Loaded model for QQQ (1w)
INFO 2025-08-12 11:12:21,646 views Loaded universal model for 1w
INFO 2025-08-12 11:12:21,650 views Loaded model for SPY (1w)
INFO 2025-08-12 11:12:21,654 views Loaded model for COIN (1w)
INFO 2025-08-12 11:12:21,658 views Loaded model for SQ (1w)
INFO 2025-08-12 11:12:21,664 views Loaded model for BRK_A (1mo)
INFO 2025-08-12 11:12:21,669 views Loaded model for AMC (1mo)
INFO 2025-08-12 11:12:21,673 views Loaded model for PLTR (1w)
INFO 2025-08-12 11:12:21,678 views Loaded model for AMZN (1w)
INFO 2025-08-12 11:12:21,684 views Loaded model for V (1mo)
INFO 2025-08-12 11:12:21,687 views Loaded model for TSLA (1w)
INFO 2025-08-12 11:12:21,694 views Loaded model for JPM (1mo)
INFO 2025-08-12 11:12:21,699 views Loaded model for TCS_NS (1w)
INFO 2025-08-12 11:12:21,704 views Loaded model for NOK (1mo)
INFO 2025-08-12 11:12:21,708 views Loaded model for IWM (1w)
INFO 2025-08-12 11:12:21,712 views Loaded model for RELIANCE_NS (1w)
INFO 2025-08-12 11:12:21,716 views Loaded model for AAPL (1w)
INFO 2025-08-12 11:12:21,720 views Loaded model for RBLX (1w)
INFO 2025-08-12 11:12:21,724 views Loaded model for ZM (1w)
INFO 2025-08-12 11:12:21,727 views Loaded model for HDFCBANK_NS (1w)
INFO 2025-08-12 11:12:21,731 views Loaded model for GME (1w)
INFO 2025-08-12 11:12:21,734 views Loaded model for AMC (1w)
INFO 2025-08-12 11:12:21,739 views Loaded model for BB (1mo)
INFO 2025-08-12 11:12:21,743 views Loaded model for DOCU (1w)
INFO 2025-08-12 11:12:21,747 views Loaded model for AMD (1w)
INFO 2025-08-12 11:12:21,752 views Loaded model for ROKU (1w)
INFO 2025-08-12 11:12:21,755 views Loaded model for NVDA (1w)
INFO 2025-08-12 11:12:21,759 views Loaded model for DKNG (1w)
INFO 2025-08-12 11:12:21,763 views Loaded model for MSFT (1w)
INFO 2025-08-12 11:12:21,766 views Loaded model for INDEX_NSEI (1w)
INFO 2025-08-12 11:12:21,770 views Loaded model for VTI (1w)
INFO 2025-08-12 11:12:21,775 views Loaded model for GME (1mo)
INFO 2025-08-12 11:12:21,781 views Loaded model for JNJ (1mo)
INFO 2025-08-12 11:12:21,785 views Loaded model for GOOG (1w)
INFO 2025-08-12 11:12:21,789 views Loaded model for AXP (1w)
INFO 2025-08-12 11:12:21,789 views Model loading complete: 44 loaded, 0 failed
INFO 2025-08-12 11:12:21,789 views Total models in cache: 44
INFO 2025-08-12 11:12:21,789 views Timeframe 1d: Universal=False, Ticker-specific=0
INFO 2025-08-12 11:12:21,789 views Timeframe 1w: Universal=True, Ticker-specific=33
INFO 2025-08-12 11:12:21,789 views Timeframe 1mo: Universal=False, Ticker-specific=10
INFO 2025-08-12 11:12:21,789 views Timeframe 1y: Universal=False, Ticker-specific=0
INFO 2025-08-12 11:15:53,269 views Found 44 model files in /Users/dibakar/Documents/Code/Git & Github/Repo/StockVibePredictor/Backend/Scripts/Models
INFO 2025-08-12 11:15:53,275 views Loaded model for INFY_NS (1w)
INFO 2025-08-12 11:15:53,279 views Loaded model for SNOW (1w)
INFO 2025-08-12 11:15:53,285 views Loaded model for BRK_B (1mo)
INFO 2025-08-12 11:15:53,289 views Loaded model for META (1w)
INFO 2025-08-12 11:15:53,292 views Loaded model for HOOD (1w)
INFO 2025-08-12 11:15:53,297 views Loaded model for GOOGL (1w)
INFO 2025-08-12 11:15:53,302 views Loaded model for PYPL (1mo)
INFO 2025-08-12 11:15:53,306 views Loaded model for HINDUNILVR_NS (1w)
INFO 2025-08-12 11:15:53,310 views Loaded model for ARKK (1w)
INFO 2025-08-12 11:15:53,313 views Loaded model for QQQ (1w)
INFO 2025-08-12 11:15:53,320 views Loaded universal model for 1w
INFO 2025-08-12 11:15:53,324 views Loaded model for SPY (1w)
INFO 2025-08-12 11:15:53,328 views Loaded model for COIN (1w)
INFO 2025-08-12 11:15:53,332 views Loaded model for SQ (1w)
INFO 2025-08-12 11:15:53,337 views Loaded model for BRK_A (1mo)
INFO 2025-08-12 11:15:53,343 views Loaded model for AMC (1mo)
INFO 2025-08-12 11:15:53,348 views Loaded model for PLTR (1w)
INFO 2025-08-12 11:15:53,352 views Loaded model for AMZN (1w)
INFO 2025-08-12 11:15:53,358 views Loaded model for V (1mo)
INFO 2025-08-12 11:15:53,361 views Loaded model for TSLA (1w)
INFO 2025-08-12 11:15:53,369 views Loaded model for JPM (1mo)
INFO 2025-08-12 11:15:53,373 views Loaded model for TCS_NS (1w)
INFO 2025-08-12 11:15:53,378 views Loaded model for NOK (1mo)
INFO 2025-08-12 11:15:53,382 views Loaded model for IWM (1w)
INFO 2025-08-12 11:15:53,386 views Loaded model for RELIANCE_NS (1w)
INFO 2025-08-12 11:15:53,390 views Loaded model for AAPL (1w)
INFO 2025-08-12 11:15:53,394 views Loaded model for RBLX (1w)
INFO 2025-08-12 11:15:53,398 views Loaded model for ZM (1w)
INFO 2025-08-12 11:15:53,404 views Loaded model for HDFCBANK_NS (1w)
INFO 2025-08-12 11:15:53,408 views Loaded model for GME (1w)
INFO 2025-08-12 11:15:53,412 views Loaded model for AMC (1w)
INFO 2025-08-12 11:15:53,417 views Loaded model for BB (1mo)
INFO 2025-08-12 11:15:53,422 views Loaded model for DOCU (1w)
INFO 2025-08-12 11:15:53,426 views Loaded model for AMD (1w)
INFO 2025-08-12 11:15:53,430 views Loaded model for ROKU (1w)
INFO 2025-08-12 11:15:53,434 views Loaded model for NVDA (1w)
INFO 2025-08-12 11:15:53,438 views Loaded model for DKNG (1w)
INFO 2025-08-12 11:15:53,441 views Loaded model for MSFT (1w)
INFO 2025-08-12 11:15:53,445 views Loaded model for INDEX_NSEI (1w)
INFO 2025-08-12 11:15:53,448 views Loaded model for VTI (1w)
INFO 2025-08-12 11:15:53,454 views Loaded model for GME (1mo)
INFO 2025-08-12 11:15:53,460 views Loaded model for JNJ (1mo)
INFO 2025-08-12 11:15:53,464 views Loaded model for GOOG (1w)
INFO 2025-08-12 11:15:53,468 views Loaded model for AXP (1w)
INFO 2025-08-12 11:15:53,468 views Model loading complete: 44 loaded, 0 failed
INFO 2025-08-12 11:15:53,468 views Total models in cache: 44
INFO 2025-08-12 11:15:53,469 views Timeframe 1d: Universal=False, Ticker-specific=0
INFO 2025-08-12 11:15:53,469 views Timeframe 1w: Universal=True, Ticker-specific=33
INFO 2025-08-12 11:15:53,469 views Timeframe 1mo: Universal=False, Ticker-specific=10
INFO 2025-08-12 11:15:53,469 views Timeframe 1y: Universal=False, Ticker-specific=0
INFO 2025-08-12 11:16:12,632 views Redis connection test passed
INFO 2025-08-12 11:16:22,739 views Fetching 1d data for AAPL
INFO 2025-08-12 11:16:22,740 views Sync fetch for AAPL with timeframe 1d
INFO 2025-08-12 11:16:24,464 views Successfully fetched 63 rows for AAPL
INFO 2025-08-12 11:16:27,416 views Computed comprehensive features for 1d timeframe
WARNING 2025-08-12 11:16:27,417 views Using fallback model for AAPL (1d): INFY_NS_1w
INFO 2025-08-12 11:16:27,466 views Multi-timeframe prediction completed for AAPL
INFO 2025-08-12 11:22:50,464 views Found 44 model files in /Users/dibakar/Documents/Code/Git & Github/Repo/StockVibePredictor/Backend/Scripts/Models
INFO 2025-08-12 11:22:50,469 views Loaded model for INFY_NS (1w)
INFO 2025-08-12 11:22:50,473 views Loaded model for SNOW (1w)
INFO 2025-08-12 11:22:50,479 views Loaded model for BRK_B (1mo)
INFO 2025-08-12 11:22:50,483 views Loaded model for META (1w)
INFO 2025-08-12 11:22:50,487 views Loaded model for HOOD (1w)
INFO 2025-08-12 11:22:50,491 views Loaded model for GOOGL (1w)
INFO 2025-08-12 11:22:50,496 views Loaded model for PYPL (1mo)
INFO 2025-08-12 11:22:50,500 views Loaded model for HINDUNILVR_NS (1w)
INFO 2025-08-12 11:22:50,504 views Loaded model for ARKK (1w)
INFO 2025-08-12 11:22:50,507 views Loaded model for QQQ (1w)
INFO 2025-08-12 11:22:50,518 views Loaded universal model for 1w
INFO 2025-08-12 11:22:50,523 views Loaded model for SPY (1w)
INFO 2025-08-12 11:22:50,527 views Loaded model for COIN (1w)
INFO 2025-08-12 11:22:50,531 views Loaded model for SQ (1w)
INFO 2025-08-12 11:22:50,538 views Loaded model for BRK_A (1mo)
INFO 2025-08-12 11:22:50,545 views Loaded model for AMC (1mo)
INFO 2025-08-12 11:22:50,549 views Loaded model for PLTR (1w)
INFO 2025-08-12 11:22:50,553 views Loaded model for AMZN (1w)
INFO 2025-08-12 11:22:50,559 views Loaded model for V (1mo)
INFO 2025-08-12 11:22:50,563 views Loaded model for TSLA (1w)
INFO 2025-08-12 11:22:50,570 views Loaded model for JPM (1mo)
INFO 2025-08-12 11:22:50,575 views Loaded model for TCS_NS (1w)
INFO 2025-08-12 11:22:50,580 views Loaded model for NOK (1mo)
INFO 2025-08-12 11:22:50,585 views Loaded model for IWM (1w)
INFO 2025-08-12 11:22:50,589 views Loaded model for RELIANCE_NS (1w)
INFO 2025-08-12 11:22:50,593 views Loaded model for AAPL (1w)
INFO 2025-08-12 11:22:50,597 views Loaded model for RBLX (1w)
INFO 2025-08-12 11:22:50,602 views Loaded model for ZM (1w)
INFO 2025-08-12 11:22:50,605 views Loaded model for HDFCBANK_NS (1w)
INFO 2025-08-12 11:22:50,609 views Loaded model for GME (1w)
INFO 2025-08-12 11:22:50,614 views Loaded model for AMC (1w)
INFO 2025-08-12 11:22:50,619 views Loaded model for BB (1mo)
INFO 2025-08-12 11:22:50,623 views Loaded model for DOCU (1w)
INFO 2025-08-12 11:22:50,627 views Loaded model for AMD (1w)
INFO 2025-08-12 11:22:50,631 views Loaded model for ROKU (1w)
INFO 2025-08-12 11:22:50,635 views Loaded model for NVDA (1w)
INFO 2025-08-12 11:22:50,639 views Loaded model for DKNG (1w)
INFO 2025-08-12 11:22:50,643 views Loaded model for MSFT (1w)
INFO 2025-08-12 11:22:50,647 views Loaded model for INDEX_NSEI (1w)
INFO 2025-08-12 11:22:50,650 views Loaded model for VTI (1w)
INFO 2025-08-12 11:22:50,656 views Loaded model for GME (1mo)
INFO 2025-08-12 11:22:50,661 views Loaded model for JNJ (1mo)
INFO 2025-08-12 11:22:50,665 views Loaded model for GOOG (1w)
INFO 2025-08-12 11:22:50,670 views Loaded model for AXP (1w)
INFO 2025-08-12 11:22:50,670 views Model loading complete: 44 loaded, 0 failed
INFO 2025-08-12 11:22:50,670 views Total models in cache: 44
INFO 2025-08-12 11:22:50,670 views Timeframe 1d: Universal=False, Ticker-specific=0
INFO 2025-08-12 11:22:50,670 views Timeframe 1w: Universal=True, Ticker-specific=33
INFO 2025-08-12 11:22:50,670 views Timeframe 1mo: Universal=False, Ticker-specific=10
INFO 2025-08-12 11:22:50,670 views Timeframe 1y: Universal=False, Ticker-specific=0
INFO 2025-08-12 11:26:55,852 views Fetching 1d data for AAPL
INFO 2025-08-12 11:26:55,854 views Sync fetch for AAPL with timeframe 1d
INFO 2025-08-12 11:26:56,223 views Successfully fetched 63 rows for AAPL
INFO 2025-08-12 11:26:56,938 views Computed comprehensive features for 1d timeframe
INFO 2025-08-12 11:26:56,938 views Fetching 1w data for AAPL
INFO 2025-08-12 11:26:56,938 views Sync fetch for AAPL with timeframe 1w
INFO 2025-08-12 11:26:57,134 views Successfully fetched 250 rows for AAPL
INFO 2025-08-12 11:26:57,350 views Computed comprehensive features for 1w timeframe
INFO 2025-08-12 11:26:57,350 views Fetching 1mo data for AAPL
INFO 2025-08-12 11:26:57,350 views Sync fetch for AAPL with timeframe 1mo
INFO 2025-08-12 11:26:57,584 views Successfully fetched 105 rows for AAPL
INFO 2025-08-12 11:26:57,741 views Computed comprehensive features for 1mo timeframe
WARNING 2025-08-12 11:26:57,741 views Using fallback model for AAPL (1d): INFY_NS_1w
INFO 2025-08-12 11:26:57,783 views Using ticker-specific model for AAPL (1w)
WARNING 2025-08-12 11:26:57,809 views Using random model for AAPL (1mo): BRK_B_1mo
INFO 2025-08-12 11:26:57,839 views Multi-timeframe prediction completed for AAPL
INFO 2025-08-12 11:31:00,226 views Found 44 model files in /Users/dibakar/Documents/Code/Git & Github/Repo/StockVibePredictor/Backend/Scripts/Models
INFO 2025-08-12 11:31:00,231 views Loaded model for INFY_NS (1w)
INFO 2025-08-12 11:31:00,236 views Loaded model for SNOW (1w)
INFO 2025-08-12 11:31:00,243 views Loaded model for BRK_B (1mo)
INFO 2025-08-12 11:31:00,247 views Loaded model for META (1w)
INFO 2025-08-12 11:31:00,252 views Loaded model for HOOD (1w)
INFO 2025-08-12 11:31:00,259 views Loaded model for GOOGL (1w)
INFO 2025-08-12 11:31:00,266 views Loaded model for PYPL (1mo)
INFO 2025-08-12 11:31:00,272 views Loaded model for HINDUNILVR_NS (1w)
INFO 2025-08-12 11:31:00,276 views Loaded model for ARKK (1w)
INFO 2025-08-12 11:31:00,281 views Loaded model for QQQ (1w)
INFO 2025-08-12 11:31:00,290 views Loaded universal model for 1w
INFO 2025-08-12 11:31:00,295 views Loaded model for SPY (1w)
INFO 2025-08-12 11:31:00,299 views Loaded model for COIN (1w)
INFO 2025-08-12 11:31:00,304 views Loaded model for SQ (1w)
INFO 2025-08-12 11:31:00,312 views Loaded model for BRK_A (1mo)
INFO 2025-08-12 11:31:00,319 views Loaded model for AMC (1mo)
INFO 2025-08-12 11:31:00,323 views Loaded model for PLTR (1w)
INFO 2025-08-12 11:31:00,327 views Loaded model for AMZN (1w)
INFO 2025-08-12 11:31:00,333 views Loaded model for V (1mo)
INFO 2025-08-12 11:31:00,338 views Loaded model for TSLA (1w)
INFO 2025-08-12 11:31:00,346 views Loaded model for JPM (1mo)
INFO 2025-08-12 11:31:00,351 views Loaded model for TCS_NS (1w)
INFO 2025-08-12 11:31:00,358 views Loaded model for NOK (1mo)
INFO 2025-08-12 11:31:00,363 views Loaded model for IWM (1w)
INFO 2025-08-12 11:31:00,368 views Loaded model for RELIANCE_NS (1w)
INFO 2025-08-12 11:31:00,373 views Loaded model for AAPL (1w)
INFO 2025-08-12 11:31:00,377 views Loaded model for RBLX (1w)
INFO 2025-08-12 11:31:00,381 views Loaded model for ZM (1w)
INFO 2025-08-12 11:31:00,385 views Loaded model for HDFCBANK_NS (1w)
INFO 2025-08-12 11:31:00,389 views Loaded model for GME (1w)
INFO 2025-08-12 11:31:00,393 views Loaded model for AMC (1w)
INFO 2025-08-12 11:31:00,400 views Loaded model for BB (1mo)
INFO 2025-08-12 11:31:00,405 views Loaded model for DOCU (1w)
INFO 2025-08-12 11:31:00,409 views Loaded model for AMD (1w)
INFO 2025-08-12 11:31:00,414 views Loaded model for ROKU (1w)
INFO 2025-08-12 11:31:00,418 views Loaded model for NVDA (1w)
INFO 2025-08-12 11:31:00,422 views Loaded model for DKNG (1w)
INFO 2025-08-12 11:31:00,426 views Loaded model for MSFT (1w)
INFO 2025-08-12 11:31:00,430 views Loaded model for INDEX_NSEI (1w)
INFO 2025-08-12 11:31:00,435 views Loaded model for VTI (1w)
INFO 2025-08-12 11:31:00,441 views Loaded model for GME (1mo)
INFO 2025-08-12 11:31:00,450 views Loaded model for JNJ (1mo)
INFO 2025-08-12 11:31:00,456 views Loaded model for GOOG (1w)
INFO 2025-08-12 11:31:00,460 views Loaded model for AXP (1w)
INFO 2025-08-12 11:31:00,460 views Model loading complete: 44 loaded, 0 failed
INFO 2025-08-12 11:31:00,460 views Total models in cache: 44
INFO 2025-08-12 11:31:00,460 views Timeframe 1d: Universal=False, Ticker-specific=0
INFO 2025-08-12 11:31:00,460 views Timeframe 1w: Universal=True, Ticker-specific=33
INFO 2025-08-12 11:31:00,460 views Timeframe 1mo: Universal=False, Ticker-specific=10
INFO 2025-08-12 11:31:00,460 views Timeframe 1y: Universal=False, Ticker-specific=0
INFO 2025-08-12 11:32:17,297 CompanyEssentials Fetching company essentials for AAPL
INFO 2025-08-12 11:32:18,782 CompanyEssentials Successfully fetched and cached data for AAPL
INFO 2025-08-12 11:33:38,498 views Fetching 1d data for AAPL
INFO 2025-08-12 11:33:38,498 views Sync fetch for AAPL with timeframe 1d
INFO 2025-08-12 11:33:38,902 views Successfully fetched 63 rows for AAPL
INFO 2025-08-12 11:33:39,493 views Computed comprehensive features for 1d timeframe
INFO 2025-08-12 11:33:39,493 views Fetching 1w data for AAPL
INFO 2025-08-12 11:33:39,493 views Sync fetch for AAPL with timeframe 1w
INFO 2025-08-12 11:33:39,784 views Successfully fetched 250 rows for AAPL
INFO 2025-08-12 11:33:40,078 views Computed comprehensive features for 1w timeframe
INFO 2025-08-12 11:33:40,078 views Fetching 1mo data for AAPL
INFO 2025-08-12 11:33:40,078 views Sync fetch for AAPL with timeframe 1mo
INFO 2025-08-12 11:33:40,538 views Successfully fetched 105 rows for AAPL
INFO 2025-08-12 11:33:40,699 views Computed comprehensive features for 1mo timeframe
WARNING 2025-08-12 11:33:40,700 views Using fallback model for AAPL (1d): INFY_NS_1w
INFO 2025-08-12 11:33:40,755 views Using ticker-specific model for AAPL (1w)
WARNING 2025-08-12 11:33:40,783 views Using random model for AAPL (1mo): BRK_B_1mo
INFO 2025-08-12 11:33:40,814 views Multi-timeframe prediction completed for AAPL
INFO 2025-08-12 11:33:56,213 views Fetching 1d data for AAPL
INFO 2025-08-12 11:33:56,213 views Sync fetch for AAPL with timeframe 1d
INFO 2025-08-12 11:33:56,548 views Successfully fetched 63 rows for AAPL
INFO 2025-08-12 11:33:57,161 views Computed comprehensive features for 1d timeframe
INFO 2025-08-12 11:33:57,162 views Fetching 1w data for AAPL
INFO 2025-08-12 11:33:57,162 views Sync fetch for AAPL with timeframe 1w
INFO 2025-08-12 11:33:58,079 views Successfully fetched 250 rows for AAPL
INFO 2025-08-12 11:33:58,487 views Computed comprehensive features for 1w timeframe
INFO 2025-08-12 11:33:58,487 views Fetching 1mo data for AAPL
INFO 2025-08-12 11:33:58,487 views Sync fetch for AAPL with timeframe 1mo
INFO 2025-08-12 11:33:58,825 views Successfully fetched 105 rows for AAPL
INFO 2025-08-12 11:33:58,985 views Computed comprehensive features for 1mo timeframe
INFO 2025-08-12 11:33:58,985 views Fetching 1y data for AAPL
INFO 2025-08-12 11:33:58,985 views Sync fetch for AAPL with timeframe 1y
INFO 2025-08-12 11:33:59,204 views Successfully fetched 120 rows for AAPL
INFO 2025-08-12 11:33:59,533 views Computed comprehensive features for 1y timeframe
WARNING 2025-08-12 11:33:59,534 views Using fallback model for AAPL (1d): INFY_NS_1w
INFO 2025-08-12 11:33:59,569 views Using ticker-specific model for AAPL (1w)
WARNING 2025-08-12 11:33:59,598 views Using random model for AAPL (1mo): BRK_B_1mo
WARNING 2025-08-12 11:33:59,627 views Using fallback model for AAPL (1y): INFY_NS_1w
INFO 2025-08-12 11:33:59,658 views Multi-timeframe prediction completed for AAPL
